Nov 23, 2016 2:22:52 AM org.apache.catalina.core.StandardServer await
INFO: A valid shutdown command was received via the shutdown port. Stopping the Server instance.
Nov 23, 2016 2:22:52 AM org.apache.coyote.AbstractProtocol pause
INFO: Pausing ProtocolHandler ["http-bio-8080"]
Nov 23, 2016 2:22:52 AM org.apache.coyote.AbstractProtocol pause
INFO: Pausing ProtocolHandler ["ajp-bio-8009"]
Nov 23, 2016 2:22:52 AM org.apache.catalina.core.StandardService stopInternal
INFO: Stopping service Catalina
Nov 23, 2016 2:22:52 AM org.apache.catalina.loader.WebappClassLoader clearReferencesJdbc
SEVERE: The web application [] registered the JDBC driver [com.mysql.jdbc.Driver] but failed to unregister it when the web application was stopped. To prevent a memory leak, the JDBC Driver has been forcibly unregistered.
Nov 23, 2016 2:22:52 AM org.apache.catalina.loader.WebappClassLoader clearReferencesThreads
SEVERE: The web application [] appears to have started a thread named [Abandoned connection cleanup thread] but has failed to stop it. This is very likely to create a memory leak.
Nov 23, 2016 2:22:52 AM org.apache.coyote.AbstractProtocol stop
INFO: Stopping ProtocolHandler ["http-bio-8080"]
Nov 23, 2016 2:22:52 AM org.apache.coyote.AbstractProtocol stop
INFO: Stopping ProtocolHandler ["ajp-bio-8009"]
Nov 23, 2016 2:22:52 AM org.apache.coyote.AbstractProtocol destroy
INFO: Destroying ProtocolHandler ["http-bio-8080"]
Nov 23, 2016 2:22:52 AM org.apache.coyote.AbstractProtocol destroy
INFO: Destroying ProtocolHandler ["ajp-bio-8009"]
Nov 23, 2016 2:23:09 AM org.apache.catalina.startup.VersionLoggerListener log
INFO: Server version:        Apache Tomcat/7.0.57
Nov 23, 2016 2:23:09 AM org.apache.catalina.startup.VersionLoggerListener log
INFO: Server built:          Nov 3 2014 08:39:16 UTC
Nov 23, 2016 2:23:09 AM org.apache.catalina.startup.VersionLoggerListener log
INFO: Server number:         7.0.57.0
Nov 23, 2016 2:23:09 AM org.apache.catalina.startup.VersionLoggerListener log
INFO: OS Name:               Linux
Nov 23, 2016 2:23:09 AM org.apache.catalina.startup.VersionLoggerListener log
INFO: OS Version:            3.18.20-nce-amd64
Nov 23, 2016 2:23:09 AM org.apache.catalina.startup.VersionLoggerListener log
INFO: Architecture:          amd64
Nov 23, 2016 2:23:09 AM org.apache.catalina.startup.VersionLoggerListener log
INFO: JAVA_HOME:             /home/sofapa/app/jdk1.7.0_75/jre
Nov 23, 2016 2:23:09 AM org.apache.catalina.startup.VersionLoggerListener log
INFO: JVM Version:           1.7.0_75-b13
Nov 23, 2016 2:23:09 AM org.apache.catalina.startup.VersionLoggerListener log
INFO: JVM Vendor:            Oracle Corporation
Nov 23, 2016 2:23:09 AM org.apache.catalina.startup.VersionLoggerListener log
INFO: CATALINA_BASE:         /home/sofapa/app/tomcat7
Nov 23, 2016 2:23:09 AM org.apache.catalina.startup.VersionLoggerListener log
INFO: CATALINA_HOME:         /home/sofapa/app/tomcat7
Nov 23, 2016 2:23:09 AM org.apache.catalina.startup.VersionLoggerListener log
INFO: Command line argument: -Djava.util.logging.config.file=/home/sofapa/app/tomcat7/conf/logging.properties
Nov 23, 2016 2:23:09 AM org.apache.catalina.startup.VersionLoggerListener log
INFO: Command line argument: -Djava.util.logging.manager=org.apache.juli.ClassLoaderLogManager
Nov 23, 2016 2:23:09 AM org.apache.catalina.startup.VersionLoggerListener log
INFO: Command line argument: -Djava.endorsed.dirs=/home/sofapa/app/tomcat7/endorsed
Nov 23, 2016 2:23:09 AM org.apache.catalina.startup.VersionLoggerListener log
INFO: Command line argument: -Dcatalina.base=/home/sofapa/app/tomcat7
Nov 23, 2016 2:23:09 AM org.apache.catalina.startup.VersionLoggerListener log
INFO: Command line argument: -Dcatalina.home=/home/sofapa/app/tomcat7
Nov 23, 2016 2:23:09 AM org.apache.catalina.startup.VersionLoggerListener log
INFO: Command line argument: -Djava.io.tmpdir=/home/sofapa/app/tomcat7/temp
Nov 23, 2016 2:23:09 AM org.apache.catalina.core.AprLifecycleListener lifecycleEvent
INFO: The APR based Apache Tomcat Native library which allows optimal performance in production environments was not found on the java.library.path: /usr/java/packages/lib/amd64:/usr/lib64:/lib64:/lib:/usr/lib
Nov 23, 2016 2:23:10 AM org.apache.coyote.AbstractProtocol init
INFO: Initializing ProtocolHandler ["http-bio-8080"]
Nov 23, 2016 2:23:10 AM org.apache.coyote.AbstractProtocol init
INFO: Initializing ProtocolHandler ["ajp-bio-8009"]
Nov 23, 2016 2:23:10 AM org.apache.catalina.startup.Catalina load
INFO: Initialization processed in 1539 ms
Nov 23, 2016 2:23:10 AM org.apache.catalina.core.StandardService startInternal
INFO: Starting service Catalina
Nov 23, 2016 2:23:10 AM org.apache.catalina.core.StandardEngine startInternal
INFO: Starting Servlet Engine: Apache Tomcat/7.0.57
Nov 23, 2016 2:23:10 AM org.apache.catalina.startup.HostConfig deployDirectory
INFO: Deploying web application directory /home/sofapa/app/tomcat7/webapps/int
Nov 23, 2016 2:23:11 AM org.apache.catalina.startup.HostConfig deployDirectory
INFO: Deployment of web application directory /home/sofapa/app/tomcat7/webapps/int has finished in 1,170 ms
Nov 23, 2016 2:23:11 AM org.apache.catalina.startup.HostConfig deployDirectory
INFO: Deploying web application directory /home/sofapa/app/tomcat7/webapps/docs
Nov 23, 2016 2:23:11 AM org.apache.catalina.startup.HostConfig deployDirectory
INFO: Deployment of web application directory /home/sofapa/app/tomcat7/webapps/docs has finished in 158 ms
Nov 23, 2016 2:23:11 AM org.apache.catalina.startup.HostConfig deployDirectory
INFO: Deploying web application directory /home/sofapa/app/tomcat7/webapps/ROOTER
Nov 23, 2016 2:23:11 AM org.apache.catalina.startup.HostConfig deployDirectory
INFO: Deployment of web application directory /home/sofapa/app/tomcat7/webapps/ROOTER has finished in 138 ms
Nov 23, 2016 2:23:11 AM org.apache.catalina.startup.HostConfig deployDirectory
INFO: Deploying web application directory /home/sofapa/app/tomcat7/webapps/examples
Nov 23, 2016 2:23:12 AM org.apache.catalina.startup.HostConfig deployDirectory
INFO: Deployment of web application directory /home/sofapa/app/tomcat7/webapps/examples has finished in 797 ms
Nov 23, 2016 2:23:12 AM org.apache.catalina.startup.HostConfig deployDirectory
INFO: Deploying web application directory /home/sofapa/app/tomcat7/webapps/manager
Nov 23, 2016 2:23:12 AM org.apache.catalina.startup.HostConfig deployDirectory
INFO: Deployment of web application directory /home/sofapa/app/tomcat7/webapps/manager has finished in 140 ms
Nov 23, 2016 2:23:12 AM org.apache.catalina.startup.HostConfig deployDirectory
INFO: Deploying web application directory /home/sofapa/app/tomcat7/webapps/ROOT
Nov 23, 2016 2:23:24 AM org.apache.catalina.startup.HostConfig deployDirectory
INFO: Deployment of web application directory /home/sofapa/app/tomcat7/webapps/ROOT has finished in 12,237 ms
Nov 23, 2016 2:23:24 AM org.apache.catalina.startup.HostConfig deployDirectory
INFO: Deploying web application directory /home/sofapa/app/tomcat7/webapps/host-manager
Nov 23, 2016 2:23:25 AM org.apache.catalina.startup.HostConfig deployDirectory
INFO: Deployment of web application directory /home/sofapa/app/tomcat7/webapps/host-manager has finished in 60 ms
Nov 23, 2016 2:23:25 AM org.apache.coyote.AbstractProtocol start
INFO: Starting ProtocolHandler ["http-bio-8080"]
Nov 23, 2016 2:23:25 AM org.apache.coyote.AbstractProtocol start
INFO: Starting ProtocolHandler ["ajp-bio-8009"]
Nov 23, 2016 2:23:25 AM org.apache.catalina.startup.Catalina start
INFO: Server startup in 14897 ms
Nov 23, 2016 2:23:25 AM org.apache.tomcat.util.http.Cookies processCookieHeader
INFO: Cookies: Invalid cookie. Value not a token or quoted value
 Note: further occurrences of Cookie errors will be logged at DEBUG level.
Nov 23, 2016 4:40:35 AM org.apache.catalina.core.StandardServer await
INFO: A valid shutdown command was received via the shutdown port. Stopping the Server instance.
Nov 23, 2016 4:40:35 AM org.apache.coyote.AbstractProtocol pause
INFO: Pausing ProtocolHandler ["http-bio-8080"]
Nov 23, 2016 4:40:35 AM org.apache.coyote.AbstractProtocol pause
INFO: Pausing ProtocolHandler ["ajp-bio-8009"]
Nov 23, 2016 4:40:35 AM org.apache.catalina.core.StandardService stopInternal
INFO: Stopping service Catalina
Nov 23, 2016 4:40:35 AM org.apache.catalina.loader.WebappClassLoader clearReferencesJdbc
SEVERE: The web application [] registered the JDBC driver [com.mysql.jdbc.Driver] but failed to unregister it when the web application was stopped. To prevent a memory leak, the JDBC Driver has been forcibly unregistered.
Nov 23, 2016 4:40:35 AM org.apache.catalina.loader.WebappClassLoader clearReferencesThreads
SEVERE: The web application [] appears to have started a thread named [Abandoned connection cleanup thread] but has failed to stop it. This is very likely to create a memory leak.
Nov 23, 2016 4:40:35 AM org.apache.coyote.AbstractProtocol stop
INFO: Stopping ProtocolHandler ["http-bio-8080"]
Nov 23, 2016 4:40:35 AM org.apache.coyote.AbstractProtocol stop
INFO: Stopping ProtocolHandler ["ajp-bio-8009"]
Nov 23, 2016 4:40:35 AM org.apache.coyote.AbstractProtocol destroy
INFO: Destroying ProtocolHandler ["http-bio-8080"]
Nov 23, 2016 4:40:35 AM org.apache.coyote.AbstractProtocol destroy
INFO: Destroying ProtocolHandler ["ajp-bio-8009"]
Nov 23, 2016 4:41:55 AM org.apache.catalina.startup.VersionLoggerListener log
INFO: Server version:        Apache Tomcat/7.0.57
Nov 23, 2016 4:41:55 AM org.apache.catalina.startup.VersionLoggerListener log
INFO: Server built:          Nov 3 2014 08:39:16 UTC
Nov 23, 2016 4:41:55 AM org.apache.catalina.startup.VersionLoggerListener log
INFO: Server number:         7.0.57.0
Nov 23, 2016 4:41:55 AM org.apache.catalina.startup.VersionLoggerListener log
INFO: OS Name:               Linux
Nov 23, 2016 4:41:55 AM org.apache.catalina.startup.VersionLoggerListener log
INFO: OS Version:            3.18.20-nce-amd64
Nov 23, 2016 4:41:55 AM org.apache.catalina.startup.VersionLoggerListener log
INFO: Architecture:          amd64
Nov 23, 2016 4:41:55 AM org.apache.catalina.startup.VersionLoggerListener log
INFO: JAVA_HOME:             /home/sofapa/app/jdk1.7.0_75/jre
Nov 23, 2016 4:41:55 AM org.apache.catalina.startup.VersionLoggerListener log
INFO: JVM Version:           1.7.0_75-b13
Nov 23, 2016 4:41:55 AM org.apache.catalina.startup.VersionLoggerListener log
INFO: JVM Vendor:            Oracle Corporation
Nov 23, 2016 4:41:55 AM org.apache.catalina.startup.VersionLoggerListener log
INFO: CATALINA_BASE:         /home/sofapa/app/tomcat7
Nov 23, 2016 4:41:55 AM org.apache.catalina.startup.VersionLoggerListener log
INFO: CATALINA_HOME:         /home/sofapa/app/tomcat7
Nov 23, 2016 4:41:55 AM org.apache.catalina.startup.VersionLoggerListener log
INFO: Command line argument: -Djava.util.logging.config.file=/home/sofapa/app/tomcat7/conf/logging.properties
Nov 23, 2016 4:41:55 AM org.apache.catalina.startup.VersionLoggerListener log
INFO: Command line argument: -Djava.util.logging.manager=org.apache.juli.ClassLoaderLogManager
Nov 23, 2016 4:41:55 AM org.apache.catalina.startup.VersionLoggerListener log
INFO: Command line argument: -Djava.endorsed.dirs=/home/sofapa/app/tomcat7/endorsed
Nov 23, 2016 4:41:55 AM org.apache.catalina.startup.VersionLoggerListener log
INFO: Command line argument: -Dcatalina.base=/home/sofapa/app/tomcat7
Nov 23, 2016 4:41:55 AM org.apache.catalina.startup.VersionLoggerListener log
INFO: Command line argument: -Dcatalina.home=/home/sofapa/app/tomcat7
Nov 23, 2016 4:41:55 AM org.apache.catalina.startup.VersionLoggerListener log
INFO: Command line argument: -Djava.io.tmpdir=/home/sofapa/app/tomcat7/temp
Nov 23, 2016 4:41:55 AM org.apache.catalina.core.AprLifecycleListener lifecycleEvent
INFO: The APR based Apache Tomcat Native library which allows optimal performance in production environments was not found on the java.library.path: /usr/java/packages/lib/amd64:/usr/lib64:/lib64:/lib:/usr/lib
Nov 23, 2016 4:41:56 AM org.apache.coyote.AbstractProtocol init
INFO: Initializing ProtocolHandler ["http-bio-8080"]
Nov 23, 2016 4:41:56 AM org.apache.coyote.AbstractProtocol init
INFO: Initializing ProtocolHandler ["ajp-bio-8009"]
Nov 23, 2016 4:41:56 AM org.apache.catalina.startup.Catalina load
INFO: Initialization processed in 1476 ms
Nov 23, 2016 4:41:56 AM org.apache.catalina.core.StandardService startInternal
INFO: Starting service Catalina
Nov 23, 2016 4:41:56 AM org.apache.catalina.core.StandardEngine startInternal
INFO: Starting Servlet Engine: Apache Tomcat/7.0.57
Nov 23, 2016 4:41:56 AM org.apache.catalina.startup.HostConfig deployDirectory
INFO: Deploying web application directory /home/sofapa/app/tomcat7/webapps/int
Nov 23, 2016 4:41:57 AM org.apache.catalina.startup.HostConfig deployDirectory
INFO: Deployment of web application directory /home/sofapa/app/tomcat7/webapps/int has finished in 1,101 ms
Nov 23, 2016 4:41:57 AM org.apache.catalina.startup.HostConfig deployDirectory
INFO: Deploying web application directory /home/sofapa/app/tomcat7/webapps/docs
Nov 23, 2016 4:41:57 AM org.apache.catalina.startup.HostConfig deployDirectory
INFO: Deployment of web application directory /home/sofapa/app/tomcat7/webapps/docs has finished in 151 ms
Nov 23, 2016 4:41:57 AM org.apache.catalina.startup.HostConfig deployDirectory
INFO: Deploying web application directory /home/sofapa/app/tomcat7/webapps/ROOTER
Nov 23, 2016 4:41:57 AM org.apache.catalina.startup.HostConfig deployDirectory
INFO: Deployment of web application directory /home/sofapa/app/tomcat7/webapps/ROOTER has finished in 143 ms
Nov 23, 2016 4:41:57 AM org.apache.catalina.startup.HostConfig deployDirectory
INFO: Deploying web application directory /home/sofapa/app/tomcat7/webapps/examples
Nov 23, 2016 4:41:58 AM org.apache.catalina.startup.HostConfig deployDirectory
INFO: Deployment of web application directory /home/sofapa/app/tomcat7/webapps/examples has finished in 710 ms
Nov 23, 2016 4:41:58 AM org.apache.catalina.startup.HostConfig deployDirectory
INFO: Deploying web application directory /home/sofapa/app/tomcat7/webapps/manager
Nov 23, 2016 4:41:58 AM org.apache.catalina.startup.HostConfig deployDirectory
INFO: Deployment of web application directory /home/sofapa/app/tomcat7/webapps/manager has finished in 165 ms
Nov 23, 2016 4:41:58 AM org.apache.catalina.startup.HostConfig deployDirectory
INFO: Deploying web application directory /home/sofapa/app/tomcat7/webapps/ROOT
Nov 23, 2016 4:42:08 AM org.apache.catalina.startup.HostConfig deployDirectory
INFO: Deployment of web application directory /home/sofapa/app/tomcat7/webapps/ROOT has finished in 10,040 ms
Nov 23, 2016 4:42:08 AM org.apache.catalina.startup.HostConfig deployDirectory
INFO: Deploying web application directory /home/sofapa/app/tomcat7/webapps/host-manager
Nov 23, 2016 4:42:08 AM org.apache.catalina.startup.HostConfig deployDirectory
INFO: Deployment of web application directory /home/sofapa/app/tomcat7/webapps/host-manager has finished in 48 ms
Nov 23, 2016 4:42:08 AM org.apache.coyote.AbstractProtocol start
INFO: Starting ProtocolHandler ["http-bio-8080"]
Nov 23, 2016 4:42:08 AM org.apache.coyote.AbstractProtocol start
INFO: Starting ProtocolHandler ["ajp-bio-8009"]
Nov 23, 2016 4:42:08 AM org.apache.catalina.startup.Catalina start
INFO: Server startup in 12542 ms
Nov 23, 2016 4:42:08 AM org.apache.tomcat.util.http.Cookies processCookieHeader
INFO: Cookies: Invalid cookie. Value not a token or quoted value
 Note: further occurrences of Cookie errors will be logged at DEBUG level.
Nov 23, 2016 4:50:12 AM org.apache.catalina.core.StandardServer await
INFO: A valid shutdown command was received via the shutdown port. Stopping the Server instance.
Nov 23, 2016 4:50:12 AM org.apache.coyote.AbstractProtocol pause
INFO: Pausing ProtocolHandler ["http-bio-8080"]
Nov 23, 2016 4:50:12 AM org.apache.coyote.AbstractProtocol pause
INFO: Pausing ProtocolHandler ["ajp-bio-8009"]
Nov 23, 2016 4:50:12 AM org.apache.catalina.core.StandardService stopInternal
INFO: Stopping service Catalina
Nov 23, 2016 4:50:12 AM org.apache.catalina.loader.WebappClassLoader clearReferencesJdbc
SEVERE: The web application [] registered the JDBC driver [com.mysql.jdbc.Driver] but failed to unregister it when the web application was stopped. To prevent a memory leak, the JDBC Driver has been forcibly unregistered.
Nov 23, 2016 4:50:12 AM org.apache.catalina.loader.WebappClassLoader clearReferencesThreads
SEVERE: The web application [] appears to have started a thread named [Abandoned connection cleanup thread] but has failed to stop it. This is very likely to create a memory leak.
Nov 23, 2016 4:50:12 AM org.apache.coyote.AbstractProtocol stop
INFO: Stopping ProtocolHandler ["http-bio-8080"]
Nov 23, 2016 4:50:12 AM org.apache.coyote.AbstractProtocol stop
INFO: Stopping ProtocolHandler ["ajp-bio-8009"]
Nov 23, 2016 4:50:12 AM org.apache.coyote.AbstractProtocol destroy
INFO: Destroying ProtocolHandler ["http-bio-8080"]
Nov 23, 2016 4:50:12 AM org.apache.coyote.AbstractProtocol destroy
INFO: Destroying ProtocolHandler ["ajp-bio-8009"]
Nov 23, 2016 4:51:36 AM org.apache.catalina.startup.VersionLoggerListener log
INFO: Server version:        Apache Tomcat/7.0.57
Nov 23, 2016 4:51:36 AM org.apache.catalina.startup.VersionLoggerListener log
INFO: Server built:          Nov 3 2014 08:39:16 UTC
Nov 23, 2016 4:51:36 AM org.apache.catalina.startup.VersionLoggerListener log
INFO: Server number:         7.0.57.0
Nov 23, 2016 4:51:36 AM org.apache.catalina.startup.VersionLoggerListener log
INFO: OS Name:               Linux
Nov 23, 2016 4:51:36 AM org.apache.catalina.startup.VersionLoggerListener log
INFO: OS Version:            3.18.20-nce-amd64
Nov 23, 2016 4:51:36 AM org.apache.catalina.startup.VersionLoggerListener log
INFO: Architecture:          amd64
Nov 23, 2016 4:51:36 AM org.apache.catalina.startup.VersionLoggerListener log
INFO: JAVA_HOME:             /home/sofapa/app/jdk1.7.0_75/jre
Nov 23, 2016 4:51:36 AM org.apache.catalina.startup.VersionLoggerListener log
INFO: JVM Version:           1.7.0_75-b13
Nov 23, 2016 4:51:36 AM org.apache.catalina.startup.VersionLoggerListener log
INFO: JVM Vendor:            Oracle Corporation
Nov 23, 2016 4:51:36 AM org.apache.catalina.startup.VersionLoggerListener log
INFO: CATALINA_BASE:         /home/sofapa/app/tomcat7
Nov 23, 2016 4:51:36 AM org.apache.catalina.startup.VersionLoggerListener log
INFO: CATALINA_HOME:         /home/sofapa/app/tomcat7
Nov 23, 2016 4:51:36 AM org.apache.catalina.startup.VersionLoggerListener log
INFO: Command line argument: -Djava.util.logging.config.file=/home/sofapa/app/tomcat7/conf/logging.properties
Nov 23, 2016 4:51:36 AM org.apache.catalina.startup.VersionLoggerListener log
INFO: Command line argument: -Djava.util.logging.manager=org.apache.juli.ClassLoaderLogManager
Nov 23, 2016 4:51:36 AM org.apache.catalina.startup.VersionLoggerListener log
INFO: Command line argument: -Djava.endorsed.dirs=/home/sofapa/app/tomcat7/endorsed
Nov 23, 2016 4:51:36 AM org.apache.catalina.startup.VersionLoggerListener log
INFO: Command line argument: -Dcatalina.base=/home/sofapa/app/tomcat7
Nov 23, 2016 4:51:36 AM org.apache.catalina.startup.VersionLoggerListener log
INFO: Command line argument: -Dcatalina.home=/home/sofapa/app/tomcat7
Nov 23, 2016 4:51:36 AM org.apache.catalina.startup.VersionLoggerListener log
INFO: Command line argument: -Djava.io.tmpdir=/home/sofapa/app/tomcat7/temp
Nov 23, 2016 4:51:36 AM org.apache.catalina.core.AprLifecycleListener lifecycleEvent
INFO: The APR based Apache Tomcat Native library which allows optimal performance in production environments was not found on the java.library.path: /usr/java/packages/lib/amd64:/usr/lib64:/lib64:/lib:/usr/lib
Nov 23, 2016 4:51:36 AM org.apache.coyote.AbstractProtocol init
INFO: Initializing ProtocolHandler ["http-bio-8080"]
Nov 23, 2016 4:51:36 AM org.apache.coyote.AbstractProtocol init
INFO: Initializing ProtocolHandler ["ajp-bio-8009"]
Nov 23, 2016 4:51:36 AM org.apache.catalina.startup.Catalina load
INFO: Initialization processed in 1427 ms
Nov 23, 2016 4:51:37 AM org.apache.catalina.core.StandardService startInternal
INFO: Starting service Catalina
Nov 23, 2016 4:51:37 AM org.apache.catalina.core.StandardEngine startInternal
INFO: Starting Servlet Engine: Apache Tomcat/7.0.57
Nov 23, 2016 4:51:37 AM org.apache.catalina.startup.HostConfig deployDirectory
INFO: Deploying web application directory /home/sofapa/app/tomcat7/webapps/int
Nov 23, 2016 4:51:38 AM org.apache.catalina.startup.HostConfig deployDirectory
INFO: Deployment of web application directory /home/sofapa/app/tomcat7/webapps/int has finished in 1,094 ms
Nov 23, 2016 4:51:38 AM org.apache.catalina.startup.HostConfig deployDirectory
INFO: Deploying web application directory /home/sofapa/app/tomcat7/webapps/docs
Nov 23, 2016 4:51:38 AM org.apache.catalina.startup.HostConfig deployDirectory
INFO: Deployment of web application directory /home/sofapa/app/tomcat7/webapps/docs has finished in 152 ms
Nov 23, 2016 4:51:38 AM org.apache.catalina.startup.HostConfig deployDirectory
INFO: Deploying web application directory /home/sofapa/app/tomcat7/webapps/ROOTER
Nov 23, 2016 4:51:38 AM org.apache.catalina.startup.HostConfig deployDirectory
INFO: Deployment of web application directory /home/sofapa/app/tomcat7/webapps/ROOTER has finished in 144 ms
Nov 23, 2016 4:51:38 AM org.apache.catalina.startup.HostConfig deployDirectory
INFO: Deploying web application directory /home/sofapa/app/tomcat7/webapps/examples
Nov 23, 2016 4:51:39 AM org.apache.catalina.startup.HostConfig deployDirectory
INFO: Deployment of web application directory /home/sofapa/app/tomcat7/webapps/examples has finished in 728 ms
Nov 23, 2016 4:51:39 AM org.apache.catalina.startup.HostConfig deployDirectory
INFO: Deploying web application directory /home/sofapa/app/tomcat7/webapps/manager
Nov 23, 2016 4:51:39 AM org.apache.catalina.startup.HostConfig deployDirectory
INFO: Deployment of web application directory /home/sofapa/app/tomcat7/webapps/manager has finished in 157 ms
Nov 23, 2016 4:51:39 AM org.apache.catalina.startup.HostConfig deployDirectory
INFO: Deploying web application directory /home/sofapa/app/tomcat7/webapps/ROOT
Nov 23, 2016 4:51:49 AM org.apache.catalina.startup.HostConfig deployDirectory
INFO: Deployment of web application directory /home/sofapa/app/tomcat7/webapps/ROOT has finished in 10,456 ms
Nov 23, 2016 4:51:49 AM org.apache.catalina.startup.HostConfig deployDirectory
INFO: Deploying web application directory /home/sofapa/app/tomcat7/webapps/host-manager
Nov 23, 2016 4:51:49 AM org.apache.catalina.startup.HostConfig deployDirectory
INFO: Deployment of web application directory /home/sofapa/app/tomcat7/webapps/host-manager has finished in 52 ms
Nov 23, 2016 4:51:49 AM org.apache.coyote.AbstractProtocol start
INFO: Starting ProtocolHandler ["http-bio-8080"]
Nov 23, 2016 4:51:49 AM org.apache.coyote.AbstractProtocol start
INFO: Starting ProtocolHandler ["ajp-bio-8009"]
Nov 23, 2016 4:51:49 AM org.apache.catalina.startup.Catalina start
INFO: Server startup in 12966 ms
Nov 23, 2016 4:55:55 AM org.apache.catalina.core.StandardServer await
INFO: A valid shutdown command was received via the shutdown port. Stopping the Server instance.
Nov 23, 2016 4:55:55 AM org.apache.coyote.AbstractProtocol pause
INFO: Pausing ProtocolHandler ["http-bio-8080"]
Nov 23, 2016 4:55:55 AM org.apache.coyote.AbstractProtocol pause
INFO: Pausing ProtocolHandler ["ajp-bio-8009"]
Nov 23, 2016 4:55:55 AM org.apache.catalina.core.StandardService stopInternal
INFO: Stopping service Catalina
Nov 23, 2016 4:55:55 AM org.apache.catalina.loader.WebappClassLoader clearReferencesJdbc
SEVERE: The web application [] registered the JDBC driver [com.mysql.jdbc.Driver] but failed to unregister it when the web application was stopped. To prevent a memory leak, the JDBC Driver has been forcibly unregistered.
Nov 23, 2016 4:55:55 AM org.apache.catalina.loader.WebappClassLoader clearReferencesThreads
SEVERE: The web application [] appears to have started a thread named [Abandoned connection cleanup thread] but has failed to stop it. This is very likely to create a memory leak.
Nov 23, 2016 4:55:55 AM org.apache.coyote.AbstractProtocol stop
INFO: Stopping ProtocolHandler ["http-bio-8080"]
Nov 23, 2016 4:55:55 AM org.apache.coyote.AbstractProtocol stop
INFO: Stopping ProtocolHandler ["ajp-bio-8009"]
Nov 23, 2016 4:55:55 AM org.apache.coyote.AbstractProtocol destroy
INFO: Destroying ProtocolHandler ["http-bio-8080"]
Nov 23, 2016 4:55:55 AM org.apache.coyote.AbstractProtocol destroy
INFO: Destroying ProtocolHandler ["ajp-bio-8009"]
Nov 23, 2016 4:56:22 AM org.apache.catalina.startup.VersionLoggerListener log
INFO: Server version:        Apache Tomcat/7.0.57
Nov 23, 2016 4:56:22 AM org.apache.catalina.startup.VersionLoggerListener log
INFO: Server built:          Nov 3 2014 08:39:16 UTC
Nov 23, 2016 4:56:22 AM org.apache.catalina.startup.VersionLoggerListener log
INFO: Server number:         7.0.57.0
Nov 23, 2016 4:56:22 AM org.apache.catalina.startup.VersionLoggerListener log
INFO: OS Name:               Linux
Nov 23, 2016 4:56:22 AM org.apache.catalina.startup.VersionLoggerListener log
INFO: OS Version:            3.18.20-nce-amd64
Nov 23, 2016 4:56:22 AM org.apache.catalina.startup.VersionLoggerListener log
INFO: Architecture:          amd64
Nov 23, 2016 4:56:22 AM org.apache.catalina.startup.VersionLoggerListener log
INFO: JAVA_HOME:             /home/sofapa/app/jdk1.7.0_75/jre
Nov 23, 2016 4:56:22 AM org.apache.catalina.startup.VersionLoggerListener log
INFO: JVM Version:           1.7.0_75-b13
Nov 23, 2016 4:56:22 AM org.apache.catalina.startup.VersionLoggerListener log
INFO: JVM Vendor:            Oracle Corporation
Nov 23, 2016 4:56:22 AM org.apache.catalina.startup.VersionLoggerListener log
INFO: CATALINA_BASE:         /home/sofapa/app/tomcat7
Nov 23, 2016 4:56:22 AM org.apache.catalina.startup.VersionLoggerListener log
INFO: CATALINA_HOME:         /home/sofapa/app/tomcat7
Nov 23, 2016 4:56:22 AM org.apache.catalina.startup.VersionLoggerListener log
INFO: Command line argument: -Djava.util.logging.config.file=/home/sofapa/app/tomcat7/conf/logging.properties
Nov 23, 2016 4:56:22 AM org.apache.catalina.startup.VersionLoggerListener log
INFO: Command line argument: -Djava.util.logging.manager=org.apache.juli.ClassLoaderLogManager
Nov 23, 2016 4:56:22 AM org.apache.catalina.startup.VersionLoggerListener log
INFO: Command line argument: -Djava.endorsed.dirs=/home/sofapa/app/tomcat7/endorsed
Nov 23, 2016 4:56:22 AM org.apache.catalina.startup.VersionLoggerListener log
INFO: Command line argument: -Dcatalina.base=/home/sofapa/app/tomcat7
Nov 23, 2016 4:56:22 AM org.apache.catalina.startup.VersionLoggerListener log
INFO: Command line argument: -Dcatalina.home=/home/sofapa/app/tomcat7
Nov 23, 2016 4:56:22 AM org.apache.catalina.startup.VersionLoggerListener log
INFO: Command line argument: -Djava.io.tmpdir=/home/sofapa/app/tomcat7/temp
Nov 23, 2016 4:56:22 AM org.apache.catalina.core.AprLifecycleListener lifecycleEvent
INFO: The APR based Apache Tomcat Native library which allows optimal performance in production environments was not found on the java.library.path: /usr/java/packages/lib/amd64:/usr/lib64:/lib64:/lib:/usr/lib
Nov 23, 2016 4:56:22 AM org.apache.coyote.AbstractProtocol init
INFO: Initializing ProtocolHandler ["http-bio-8080"]
Nov 23, 2016 4:56:22 AM org.apache.coyote.AbstractProtocol init
INFO: Initializing ProtocolHandler ["ajp-bio-8009"]
Nov 23, 2016 4:56:22 AM org.apache.catalina.startup.Catalina load
INFO: Initialization processed in 1508 ms
Nov 23, 2016 4:56:22 AM org.apache.catalina.core.StandardService startInternal
INFO: Starting service Catalina
Nov 23, 2016 4:56:22 AM org.apache.catalina.core.StandardEngine startInternal
INFO: Starting Servlet Engine: Apache Tomcat/7.0.57
Nov 23, 2016 4:56:22 AM org.apache.catalina.startup.HostConfig deployDirectory
INFO: Deploying web application directory /home/sofapa/app/tomcat7/webapps/int
Nov 23, 2016 4:56:23 AM org.apache.catalina.startup.HostConfig deployDirectory
INFO: Deployment of web application directory /home/sofapa/app/tomcat7/webapps/int has finished in 1,145 ms
Nov 23, 2016 4:56:23 AM org.apache.catalina.startup.HostConfig deployDirectory
INFO: Deploying web application directory /home/sofapa/app/tomcat7/webapps/docs
Nov 23, 2016 4:56:23 AM org.apache.catalina.startup.HostConfig deployDirectory
INFO: Deployment of web application directory /home/sofapa/app/tomcat7/webapps/docs has finished in 153 ms
Nov 23, 2016 4:56:23 AM org.apache.catalina.startup.HostConfig deployDirectory
INFO: Deploying web application directory /home/sofapa/app/tomcat7/webapps/ROOTER
Nov 23, 2016 4:56:24 AM org.apache.catalina.startup.HostConfig deployDirectory
INFO: Deployment of web application directory /home/sofapa/app/tomcat7/webapps/ROOTER has finished in 142 ms
Nov 23, 2016 4:56:24 AM org.apache.catalina.startup.HostConfig deployDirectory
INFO: Deploying web application directory /home/sofapa/app/tomcat7/webapps/examples
Nov 23, 2016 4:56:24 AM org.apache.catalina.startup.HostConfig deployDirectory
INFO: Deployment of web application directory /home/sofapa/app/tomcat7/webapps/examples has finished in 735 ms
Nov 23, 2016 4:56:24 AM org.apache.catalina.startup.HostConfig deployDirectory
INFO: Deploying web application directory /home/sofapa/app/tomcat7/webapps/manager
Nov 23, 2016 4:56:25 AM org.apache.catalina.startup.HostConfig deployDirectory
INFO: Deployment of web application directory /home/sofapa/app/tomcat7/webapps/manager has finished in 161 ms
Nov 23, 2016 4:56:25 AM org.apache.catalina.startup.HostConfig deployDirectory
INFO: Deploying web application directory /home/sofapa/app/tomcat7/webapps/ROOT
Nov 23, 2016 4:56:37 AM org.apache.catalina.startup.HostConfig deployDirectory
INFO: Deployment of web application directory /home/sofapa/app/tomcat7/webapps/ROOT has finished in 12,896 ms
Nov 23, 2016 4:56:37 AM org.apache.catalina.startup.HostConfig deployDirectory
INFO: Deploying web application directory /home/sofapa/app/tomcat7/webapps/host-manager
Nov 23, 2016 4:56:38 AM org.apache.catalina.startup.HostConfig deployDirectory
INFO: Deployment of web application directory /home/sofapa/app/tomcat7/webapps/host-manager has finished in 141 ms
Nov 23, 2016 4:56:38 AM org.apache.coyote.AbstractProtocol start
INFO: Starting ProtocolHandler ["http-bio-8080"]
Nov 23, 2016 4:56:38 AM org.apache.coyote.AbstractProtocol start
INFO: Starting ProtocolHandler ["ajp-bio-8009"]
Nov 23, 2016 4:56:38 AM org.apache.catalina.startup.Catalina start
INFO: Server startup in 15554 ms
Nov 23, 2016 4:59:27 AM org.apache.catalina.core.StandardServer await
INFO: A valid shutdown command was received via the shutdown port. Stopping the Server instance.
Nov 23, 2016 4:59:27 AM org.apache.coyote.AbstractProtocol pause
INFO: Pausing ProtocolHandler ["http-bio-8080"]
Nov 23, 2016 4:59:27 AM org.apache.coyote.AbstractProtocol pause
INFO: Pausing ProtocolHandler ["ajp-bio-8009"]
Nov 23, 2016 4:59:27 AM org.apache.catalina.core.StandardService stopInternal
INFO: Stopping service Catalina
Nov 23, 2016 4:59:27 AM org.apache.catalina.loader.WebappClassLoader clearReferencesJdbc
SEVERE: The web application [] registered the JDBC driver [com.mysql.jdbc.Driver] but failed to unregister it when the web application was stopped. To prevent a memory leak, the JDBC Driver has been forcibly unregistered.
Nov 23, 2016 4:59:27 AM org.apache.catalina.loader.WebappClassLoader clearReferencesThreads
SEVERE: The web application [] appears to have started a thread named [Abandoned connection cleanup thread] but has failed to stop it. This is very likely to create a memory leak.
Nov 23, 2016 4:59:27 AM org.apache.coyote.AbstractProtocol stop
INFO: Stopping ProtocolHandler ["http-bio-8080"]
Nov 23, 2016 4:59:27 AM org.apache.coyote.AbstractProtocol stop
INFO: Stopping ProtocolHandler ["ajp-bio-8009"]
Nov 23, 2016 4:59:27 AM org.apache.coyote.AbstractProtocol destroy
INFO: Destroying ProtocolHandler ["http-bio-8080"]
Nov 23, 2016 4:59:27 AM org.apache.coyote.AbstractProtocol destroy
INFO: Destroying ProtocolHandler ["ajp-bio-8009"]
Nov 23, 2016 5:00:06 AM org.apache.catalina.startup.VersionLoggerListener log
INFO: Server version:        Apache Tomcat/7.0.57
Nov 23, 2016 5:00:06 AM org.apache.catalina.startup.VersionLoggerListener log
INFO: Server built:          Nov 3 2014 08:39:16 UTC
Nov 23, 2016 5:00:06 AM org.apache.catalina.startup.VersionLoggerListener log
INFO: Server number:         7.0.57.0
Nov 23, 2016 5:00:06 AM org.apache.catalina.startup.VersionLoggerListener log
INFO: OS Name:               Linux
Nov 23, 2016 5:00:06 AM org.apache.catalina.startup.VersionLoggerListener log
INFO: OS Version:            3.18.20-nce-amd64
Nov 23, 2016 5:00:06 AM org.apache.catalina.startup.VersionLoggerListener log
INFO: Architecture:          amd64
Nov 23, 2016 5:00:06 AM org.apache.catalina.startup.VersionLoggerListener log
INFO: JAVA_HOME:             /home/sofapa/app/jdk1.7.0_75/jre
Nov 23, 2016 5:00:06 AM org.apache.catalina.startup.VersionLoggerListener log
INFO: JVM Version:           1.7.0_75-b13
Nov 23, 2016 5:00:06 AM org.apache.catalina.startup.VersionLoggerListener log
INFO: JVM Vendor:            Oracle Corporation
Nov 23, 2016 5:00:06 AM org.apache.catalina.startup.VersionLoggerListener log
INFO: CATALINA_BASE:         /home/sofapa/app/tomcat7
Nov 23, 2016 5:00:06 AM org.apache.catalina.startup.VersionLoggerListener log
INFO: CATALINA_HOME:         /home/sofapa/app/tomcat7
Nov 23, 2016 5:00:06 AM org.apache.catalina.startup.VersionLoggerListener log
INFO: Command line argument: -Djava.util.logging.config.file=/home/sofapa/app/tomcat7/conf/logging.properties
Nov 23, 2016 5:00:06 AM org.apache.catalina.startup.VersionLoggerListener log
INFO: Command line argument: -Djava.util.logging.manager=org.apache.juli.ClassLoaderLogManager
Nov 23, 2016 5:00:06 AM org.apache.catalina.startup.VersionLoggerListener log
INFO: Command line argument: -Djava.endorsed.dirs=/home/sofapa/app/tomcat7/endorsed
Nov 23, 2016 5:00:06 AM org.apache.catalina.startup.VersionLoggerListener log
INFO: Command line argument: -Dcatalina.base=/home/sofapa/app/tomcat7
Nov 23, 2016 5:00:06 AM org.apache.catalina.startup.VersionLoggerListener log
INFO: Command line argument: -Dcatalina.home=/home/sofapa/app/tomcat7
Nov 23, 2016 5:00:06 AM org.apache.catalina.startup.VersionLoggerListener log
INFO: Command line argument: -Djava.io.tmpdir=/home/sofapa/app/tomcat7/temp
Nov 23, 2016 5:00:06 AM org.apache.catalina.core.AprLifecycleListener lifecycleEvent
INFO: The APR based Apache Tomcat Native library which allows optimal performance in production environments was not found on the java.library.path: /usr/java/packages/lib/amd64:/usr/lib64:/lib64:/lib:/usr/lib
Nov 23, 2016 5:00:06 AM org.apache.coyote.AbstractProtocol init
INFO: Initializing ProtocolHandler ["http-bio-8080"]
Nov 23, 2016 5:00:07 AM org.apache.coyote.AbstractProtocol init
INFO: Initializing ProtocolHandler ["ajp-bio-8009"]
Nov 23, 2016 5:00:07 AM org.apache.catalina.startup.Catalina load
INFO: Initialization processed in 1443 ms
Nov 23, 2016 5:00:07 AM org.apache.catalina.core.StandardService startInternal
INFO: Starting service Catalina
Nov 23, 2016 5:00:07 AM org.apache.catalina.core.StandardEngine startInternal
INFO: Starting Servlet Engine: Apache Tomcat/7.0.57
Nov 23, 2016 5:00:07 AM org.apache.catalina.startup.HostConfig deployDirectory
INFO: Deploying web application directory /home/sofapa/app/tomcat7/webapps/int
Nov 23, 2016 5:00:08 AM org.apache.catalina.startup.HostConfig deployDirectory
INFO: Deployment of web application directory /home/sofapa/app/tomcat7/webapps/int has finished in 1,096 ms
Nov 23, 2016 5:00:08 AM org.apache.catalina.startup.HostConfig deployDirectory
INFO: Deploying web application directory /home/sofapa/app/tomcat7/webapps/docs
Nov 23, 2016 5:00:08 AM org.apache.catalina.startup.HostConfig deployDirectory
INFO: Deployment of web application directory /home/sofapa/app/tomcat7/webapps/docs has finished in 167 ms
Nov 23, 2016 5:00:08 AM org.apache.catalina.startup.HostConfig deployDirectory
INFO: Deploying web application directory /home/sofapa/app/tomcat7/webapps/ROOTER
Nov 23, 2016 5:00:08 AM org.apache.catalina.startup.HostConfig deployDirectory
INFO: Deployment of web application directory /home/sofapa/app/tomcat7/webapps/ROOTER has finished in 134 ms
Nov 23, 2016 5:00:08 AM org.apache.catalina.startup.HostConfig deployDirectory
INFO: Deploying web application directory /home/sofapa/app/tomcat7/webapps/examples
Nov 23, 2016 5:00:09 AM org.apache.catalina.startup.HostConfig deployDirectory
INFO: Deployment of web application directory /home/sofapa/app/tomcat7/webapps/examples has finished in 739 ms
Nov 23, 2016 5:00:09 AM org.apache.catalina.startup.HostConfig deployDirectory
INFO: Deploying web application directory /home/sofapa/app/tomcat7/webapps/manager
Nov 23, 2016 5:00:09 AM org.apache.catalina.startup.HostConfig deployDirectory
INFO: Deployment of web application directory /home/sofapa/app/tomcat7/webapps/manager has finished in 164 ms
Nov 23, 2016 5:00:09 AM org.apache.catalina.startup.HostConfig deployDirectory
INFO: Deploying web application directory /home/sofapa/app/tomcat7/webapps/ROOT
Nov 23, 2016 5:00:20 AM org.apache.catalina.startup.HostConfig deployDirectory
INFO: Deployment of web application directory /home/sofapa/app/tomcat7/webapps/ROOT has finished in 11,076 ms
Nov 23, 2016 5:00:20 AM org.apache.catalina.startup.HostConfig deployDirectory
INFO: Deploying web application directory /home/sofapa/app/tomcat7/webapps/host-manager
Nov 23, 2016 5:00:20 AM org.apache.catalina.startup.HostConfig deployDirectory
INFO: Deployment of web application directory /home/sofapa/app/tomcat7/webapps/host-manager has finished in 66 ms
Nov 23, 2016 5:00:20 AM org.apache.coyote.AbstractProtocol start
INFO: Starting ProtocolHandler ["http-bio-8080"]
Nov 23, 2016 5:00:20 AM org.apache.coyote.AbstractProtocol start
INFO: Starting ProtocolHandler ["ajp-bio-8009"]
Nov 23, 2016 5:00:20 AM org.apache.catalina.startup.Catalina start
INFO: Server startup in 13632 ms
Nov 23, 2016 5:06:20 AM org.apache.tomcat.util.http.Cookies processCookieHeader
INFO: Cookies: Invalid cookie. Value not a token or quoted value
 Note: further occurrences of Cookie errors will be logged at DEBUG level.
Nov 23, 2016 5:16:12 AM org.apache.catalina.core.StandardServer await
INFO: A valid shutdown command was received via the shutdown port. Stopping the Server instance.
Nov 23, 2016 5:16:12 AM org.apache.coyote.AbstractProtocol pause
INFO: Pausing ProtocolHandler ["http-bio-8080"]
Nov 23, 2016 5:16:12 AM org.apache.coyote.AbstractProtocol pause
INFO: Pausing ProtocolHandler ["ajp-bio-8009"]
Nov 23, 2016 5:16:12 AM org.apache.catalina.core.StandardService stopInternal
INFO: Stopping service Catalina
Nov 23, 2016 5:16:12 AM org.apache.catalina.loader.WebappClassLoader clearReferencesJdbc
SEVERE: The web application [] registered the JDBC driver [com.mysql.jdbc.Driver] but failed to unregister it when the web application was stopped. To prevent a memory leak, the JDBC Driver has been forcibly unregistered.
Nov 23, 2016 5:16:12 AM org.apache.catalina.loader.WebappClassLoader clearReferencesThreads
SEVERE: The web application [] appears to have started a thread named [Abandoned connection cleanup thread] but has failed to stop it. This is very likely to create a memory leak.
Nov 23, 2016 5:16:13 AM org.apache.coyote.AbstractProtocol stop
INFO: Stopping ProtocolHandler ["http-bio-8080"]
Nov 23, 2016 5:16:13 AM org.apache.coyote.AbstractProtocol stop
INFO: Stopping ProtocolHandler ["ajp-bio-8009"]
Nov 23, 2016 5:16:13 AM org.apache.coyote.AbstractProtocol destroy
INFO: Destroying ProtocolHandler ["http-bio-8080"]
Nov 23, 2016 5:16:13 AM org.apache.coyote.AbstractProtocol destroy
INFO: Destroying ProtocolHandler ["ajp-bio-8009"]
Nov 23, 2016 5:16:16 AM org.apache.catalina.startup.VersionLoggerListener log
INFO: Server version:        Apache Tomcat/7.0.57
Nov 23, 2016 5:16:16 AM org.apache.catalina.startup.VersionLoggerListener log
INFO: Server built:          Nov 3 2014 08:39:16 UTC
Nov 23, 2016 5:16:16 AM org.apache.catalina.startup.VersionLoggerListener log
INFO: Server number:         7.0.57.0
Nov 23, 2016 5:16:16 AM org.apache.catalina.startup.VersionLoggerListener log
INFO: OS Name:               Linux
Nov 23, 2016 5:16:16 AM org.apache.catalina.startup.VersionLoggerListener log
INFO: OS Version:            3.18.20-nce-amd64
Nov 23, 2016 5:16:16 AM org.apache.catalina.startup.VersionLoggerListener log
INFO: Architecture:          amd64
Nov 23, 2016 5:16:16 AM org.apache.catalina.startup.VersionLoggerListener log
INFO: JAVA_HOME:             /home/sofapa/app/jdk1.7.0_75/jre
Nov 23, 2016 5:16:16 AM org.apache.catalina.startup.VersionLoggerListener log
INFO: JVM Version:           1.7.0_75-b13
Nov 23, 2016 5:16:16 AM org.apache.catalina.startup.VersionLoggerListener log
INFO: JVM Vendor:            Oracle Corporation
Nov 23, 2016 5:16:16 AM org.apache.catalina.startup.VersionLoggerListener log
INFO: CATALINA_BASE:         /home/sofapa/app/tomcat7
Nov 23, 2016 5:16:16 AM org.apache.catalina.startup.VersionLoggerListener log
INFO: CATALINA_HOME:         /home/sofapa/app/tomcat7
Nov 23, 2016 5:16:16 AM org.apache.catalina.startup.VersionLoggerListener log
INFO: Command line argument: -Djava.util.logging.config.file=/home/sofapa/app/tomcat7/conf/logging.properties
Nov 23, 2016 5:16:16 AM org.apache.catalina.startup.VersionLoggerListener log
INFO: Command line argument: -Djava.util.logging.manager=org.apache.juli.ClassLoaderLogManager
Nov 23, 2016 5:16:16 AM org.apache.catalina.startup.VersionLoggerListener log
INFO: Command line argument: -Djava.endorsed.dirs=/home/sofapa/app/tomcat7/endorsed
Nov 23, 2016 5:16:16 AM org.apache.catalina.startup.VersionLoggerListener log
INFO: Command line argument: -Dcatalina.base=/home/sofapa/app/tomcat7
Nov 23, 2016 5:16:16 AM org.apache.catalina.startup.VersionLoggerListener log
INFO: Command line argument: -Dcatalina.home=/home/sofapa/app/tomcat7
Nov 23, 2016 5:16:16 AM org.apache.catalina.startup.VersionLoggerListener log
INFO: Command line argument: -Djava.io.tmpdir=/home/sofapa/app/tomcat7/temp
Nov 23, 2016 5:16:16 AM org.apache.catalina.core.AprLifecycleListener lifecycleEvent
INFO: The APR based Apache Tomcat Native library which allows optimal performance in production environments was not found on the java.library.path: /usr/java/packages/lib/amd64:/usr/lib64:/lib64:/lib:/usr/lib
Nov 23, 2016 5:16:17 AM org.apache.coyote.AbstractProtocol init
INFO: Initializing ProtocolHandler ["http-bio-8080"]
Nov 23, 2016 5:16:17 AM org.apache.coyote.AbstractProtocol init
INFO: Initializing ProtocolHandler ["ajp-bio-8009"]
Nov 23, 2016 5:16:17 AM org.apache.catalina.startup.Catalina load
INFO: Initialization processed in 1465 ms
Nov 23, 2016 5:16:17 AM org.apache.catalina.core.StandardService startInternal
INFO: Starting service Catalina
Nov 23, 2016 5:16:17 AM org.apache.catalina.core.StandardEngine startInternal
INFO: Starting Servlet Engine: Apache Tomcat/7.0.57
Nov 23, 2016 5:16:17 AM org.apache.catalina.startup.HostConfig deployDirectory
INFO: Deploying web application directory /home/sofapa/app/tomcat7/webapps/int
Nov 23, 2016 5:16:18 AM org.apache.catalina.startup.HostConfig deployDirectory
INFO: Deployment of web application directory /home/sofapa/app/tomcat7/webapps/int has finished in 1,111 ms
Nov 23, 2016 5:16:18 AM org.apache.catalina.startup.HostConfig deployDirectory
INFO: Deploying web application directory /home/sofapa/app/tomcat7/webapps/docs
Nov 23, 2016 5:16:18 AM org.apache.catalina.startup.HostConfig deployDirectory
INFO: Deployment of web application directory /home/sofapa/app/tomcat7/webapps/docs has finished in 150 ms
Nov 23, 2016 5:16:18 AM org.apache.catalina.startup.HostConfig deployDirectory
INFO: Deploying web application directory /home/sofapa/app/tomcat7/webapps/ROOTER
Nov 23, 2016 5:16:18 AM org.apache.catalina.startup.HostConfig deployDirectory
INFO: Deployment of web application directory /home/sofapa/app/tomcat7/webapps/ROOTER has finished in 159 ms
Nov 23, 2016 5:16:18 AM org.apache.catalina.startup.HostConfig deployDirectory
INFO: Deploying web application directory /home/sofapa/app/tomcat7/webapps/examples
Nov 23, 2016 5:16:19 AM org.apache.catalina.startup.HostConfig deployDirectory
INFO: Deployment of web application directory /home/sofapa/app/tomcat7/webapps/examples has finished in 731 ms
Nov 23, 2016 5:16:19 AM org.apache.catalina.startup.HostConfig deployDirectory
INFO: Deploying web application directory /home/sofapa/app/tomcat7/webapps/manager
Nov 23, 2016 5:16:19 AM org.apache.catalina.startup.HostConfig deployDirectory
INFO: Deployment of web application directory /home/sofapa/app/tomcat7/webapps/manager has finished in 158 ms
Nov 23, 2016 5:16:19 AM org.apache.catalina.startup.HostConfig deployDirectory
INFO: Deploying web application directory /home/sofapa/app/tomcat7/webapps/ROOT
Nov 23, 2016 5:16:29 AM org.apache.catalina.startup.HostConfig deployDirectory
INFO: Deployment of web application directory /home/sofapa/app/tomcat7/webapps/ROOT has finished in 9,817 ms
Nov 23, 2016 5:16:29 AM org.apache.catalina.startup.HostConfig deployDirectory
INFO: Deploying web application directory /home/sofapa/app/tomcat7/webapps/host-manager
Nov 23, 2016 5:16:29 AM org.apache.catalina.startup.HostConfig deployDirectory
INFO: Deployment of web application directory /home/sofapa/app/tomcat7/webapps/host-manager has finished in 50 ms
Nov 23, 2016 5:16:29 AM org.apache.coyote.AbstractProtocol start
INFO: Starting ProtocolHandler ["http-bio-8080"]
Nov 23, 2016 5:16:29 AM org.apache.coyote.AbstractProtocol start
INFO: Starting ProtocolHandler ["ajp-bio-8009"]
Nov 23, 2016 5:16:29 AM org.apache.catalina.startup.Catalina start
INFO: Server startup in 12366 ms
Nov 23, 2016 5:17:01 AM org.apache.tomcat.util.http.Cookies processCookieHeader
INFO: Cookies: Invalid cookie. Value not a token or quoted value
 Note: further occurrences of Cookie errors will be logged at DEBUG level.
Nov 23, 2016 5:37:21 AM org.apache.catalina.core.StandardServer await
INFO: A valid shutdown command was received via the shutdown port. Stopping the Server instance.
Nov 23, 2016 5:37:21 AM org.apache.coyote.AbstractProtocol pause
INFO: Pausing ProtocolHandler ["http-bio-8080"]
Nov 23, 2016 5:37:21 AM org.apache.coyote.AbstractProtocol pause
INFO: Pausing ProtocolHandler ["ajp-bio-8009"]
Nov 23, 2016 5:37:21 AM org.apache.catalina.core.StandardService stopInternal
INFO: Stopping service Catalina
Nov 23, 2016 5:37:21 AM org.apache.catalina.loader.WebappClassLoader clearReferencesJdbc
SEVERE: The web application [] registered the JDBC driver [com.mysql.jdbc.Driver] but failed to unregister it when the web application was stopped. To prevent a memory leak, the JDBC Driver has been forcibly unregistered.
Nov 23, 2016 5:37:21 AM org.apache.catalina.loader.WebappClassLoader clearReferencesThreads
SEVERE: The web application [] appears to have started a thread named [Abandoned connection cleanup thread] but has failed to stop it. This is very likely to create a memory leak.
Nov 23, 2016 5:37:21 AM org.apache.coyote.AbstractProtocol stop
INFO: Stopping ProtocolHandler ["http-bio-8080"]
Nov 23, 2016 5:37:21 AM org.apache.coyote.AbstractProtocol stop
INFO: Stopping ProtocolHandler ["ajp-bio-8009"]
Nov 23, 2016 5:37:21 AM org.apache.coyote.AbstractProtocol destroy
INFO: Destroying ProtocolHandler ["http-bio-8080"]
Nov 23, 2016 5:37:21 AM org.apache.coyote.AbstractProtocol destroy
INFO: Destroying ProtocolHandler ["ajp-bio-8009"]
Nov 23, 2016 5:38:50 AM org.apache.catalina.startup.VersionLoggerListener log
INFO: Server version:        Apache Tomcat/7.0.57
Nov 23, 2016 5:38:50 AM org.apache.catalina.startup.VersionLoggerListener log
INFO: Server built:          Nov 3 2014 08:39:16 UTC
Nov 23, 2016 5:38:50 AM org.apache.catalina.startup.VersionLoggerListener log
INFO: Server number:         7.0.57.0
Nov 23, 2016 5:38:50 AM org.apache.catalina.startup.VersionLoggerListener log
INFO: OS Name:               Linux
Nov 23, 2016 5:38:50 AM org.apache.catalina.startup.VersionLoggerListener log
INFO: OS Version:            3.18.20-nce-amd64
Nov 23, 2016 5:38:50 AM org.apache.catalina.startup.VersionLoggerListener log
INFO: Architecture:          amd64
Nov 23, 2016 5:38:50 AM org.apache.catalina.startup.VersionLoggerListener log
INFO: JAVA_HOME:             /home/sofapa/app/jdk1.7.0_75/jre
Nov 23, 2016 5:38:50 AM org.apache.catalina.startup.VersionLoggerListener log
INFO: JVM Version:           1.7.0_75-b13
Nov 23, 2016 5:38:50 AM org.apache.catalina.startup.VersionLoggerListener log
INFO: JVM Vendor:            Oracle Corporation
Nov 23, 2016 5:38:50 AM org.apache.catalina.startup.VersionLoggerListener log
INFO: CATALINA_BASE:         /home/sofapa/app/tomcat7
Nov 23, 2016 5:38:50 AM org.apache.catalina.startup.VersionLoggerListener log
INFO: CATALINA_HOME:         /home/sofapa/app/tomcat7
Nov 23, 2016 5:38:50 AM org.apache.catalina.startup.VersionLoggerListener log
INFO: Command line argument: -Djava.util.logging.config.file=/home/sofapa/app/tomcat7/conf/logging.properties
Nov 23, 2016 5:38:50 AM org.apache.catalina.startup.VersionLoggerListener log
INFO: Command line argument: -Djava.util.logging.manager=org.apache.juli.ClassLoaderLogManager
Nov 23, 2016 5:38:50 AM org.apache.catalina.startup.VersionLoggerListener log
INFO: Command line argument: -Djava.endorsed.dirs=/home/sofapa/app/tomcat7/endorsed
Nov 23, 2016 5:38:50 AM org.apache.catalina.startup.VersionLoggerListener log
INFO: Command line argument: -Dcatalina.base=/home/sofapa/app/tomcat7
Nov 23, 2016 5:38:50 AM org.apache.catalina.startup.VersionLoggerListener log
INFO: Command line argument: -Dcatalina.home=/home/sofapa/app/tomcat7
Nov 23, 2016 5:38:50 AM org.apache.catalina.startup.VersionLoggerListener log
INFO: Command line argument: -Djava.io.tmpdir=/home/sofapa/app/tomcat7/temp
Nov 23, 2016 5:38:50 AM org.apache.catalina.core.AprLifecycleListener lifecycleEvent
INFO: The APR based Apache Tomcat Native library which allows optimal performance in production environments was not found on the java.library.path: /usr/java/packages/lib/amd64:/usr/lib64:/lib64:/lib:/usr/lib
Nov 23, 2016 5:38:51 AM org.apache.coyote.AbstractProtocol init
INFO: Initializing ProtocolHandler ["http-bio-8080"]
Nov 23, 2016 5:38:51 AM org.apache.coyote.AbstractProtocol init
INFO: Initializing ProtocolHandler ["ajp-bio-8009"]
Nov 23, 2016 5:38:51 AM org.apache.catalina.startup.Catalina load
INFO: Initialization processed in 1454 ms
Nov 23, 2016 5:38:51 AM org.apache.catalina.core.StandardService startInternal
INFO: Starting service Catalina
Nov 23, 2016 5:38:51 AM org.apache.catalina.core.StandardEngine startInternal
INFO: Starting Servlet Engine: Apache Tomcat/7.0.57
Nov 23, 2016 5:38:51 AM org.apache.catalina.startup.HostConfig deployDirectory
INFO: Deploying web application directory /home/sofapa/app/tomcat7/webapps/int
Nov 23, 2016 5:38:52 AM org.apache.catalina.startup.HostConfig deployDirectory
INFO: Deployment of web application directory /home/sofapa/app/tomcat7/webapps/int has finished in 1,096 ms
Nov 23, 2016 5:38:52 AM org.apache.catalina.startup.HostConfig deployDirectory
INFO: Deploying web application directory /home/sofapa/app/tomcat7/webapps/docs
Nov 23, 2016 5:38:52 AM org.apache.catalina.startup.HostConfig deployDirectory
INFO: Deployment of web application directory /home/sofapa/app/tomcat7/webapps/docs has finished in 162 ms
Nov 23, 2016 5:38:52 AM org.apache.catalina.startup.HostConfig deployDirectory
INFO: Deploying web application directory /home/sofapa/app/tomcat7/webapps/ROOTER
Nov 23, 2016 5:38:52 AM org.apache.catalina.startup.HostConfig deployDirectory
INFO: Deployment of web application directory /home/sofapa/app/tomcat7/webapps/ROOTER has finished in 134 ms
Nov 23, 2016 5:38:52 AM org.apache.catalina.startup.HostConfig deployDirectory
INFO: Deploying web application directory /home/sofapa/app/tomcat7/webapps/examples
Nov 23, 2016 5:38:53 AM org.apache.catalina.startup.HostConfig deployDirectory
INFO: Deployment of web application directory /home/sofapa/app/tomcat7/webapps/examples has finished in 819 ms
Nov 23, 2016 5:38:53 AM org.apache.catalina.startup.HostConfig deployDirectory
INFO: Deploying web application directory /home/sofapa/app/tomcat7/webapps/manager
Nov 23, 2016 5:38:53 AM org.apache.catalina.startup.HostConfig deployDirectory
INFO: Deployment of web application directory /home/sofapa/app/tomcat7/webapps/manager has finished in 162 ms
Nov 23, 2016 5:38:53 AM org.apache.catalina.startup.HostConfig deployDirectory
INFO: Deploying web application directory /home/sofapa/app/tomcat7/webapps/ROOT
Nov 23, 2016 5:39:06 AM org.apache.catalina.startup.HostConfig deployDirectory
INFO: Deployment of web application directory /home/sofapa/app/tomcat7/webapps/ROOT has finished in 12,635 ms
Nov 23, 2016 5:39:06 AM org.apache.catalina.startup.HostConfig deployDirectory
INFO: Deploying web application directory /home/sofapa/app/tomcat7/webapps/host-manager
Nov 23, 2016 5:39:06 AM org.apache.catalina.startup.HostConfig deployDirectory
INFO: Deployment of web application directory /home/sofapa/app/tomcat7/webapps/host-manager has finished in 71 ms
Nov 23, 2016 5:39:06 AM org.apache.coyote.AbstractProtocol start
INFO: Starting ProtocolHandler ["http-bio-8080"]
Nov 23, 2016 5:39:06 AM org.apache.coyote.AbstractProtocol start
INFO: Starting ProtocolHandler ["ajp-bio-8009"]
Nov 23, 2016 5:39:06 AM org.apache.catalina.startup.Catalina start
INFO: Server startup in 15273 ms
Nov 23, 2016 5:39:08 AM org.apache.tomcat.util.http.Cookies processCookieHeader
INFO: Cookies: Invalid cookie. Value not a token or quoted value
 Note: further occurrences of Cookie errors will be logged at DEBUG level.
Nov 23, 2016 6:10:27 AM org.apache.catalina.startup.HostConfig undeploy
INFO: Undeploying context [/docs]
Nov 23, 2016 6:10:37 AM org.apache.catalina.startup.HostConfig reload
INFO: Reloading context [/examples]
Nov 23, 2016 6:10:37 AM org.apache.catalina.core.StandardContext reload
INFO: Reloading Context with name [/examples] has started
Nov 23, 2016 6:10:37 AM org.apache.catalina.core.StandardContext reload
INFO: Reloading Context with name [/examples] is completed
Nov 23, 2016 6:10:57 AM org.apache.catalina.startup.HostConfig undeploy
INFO: Undeploying context [/host-manager]
Nov 23, 2016 6:10:58 AM org.apache.catalina.startup.HostConfig undeploy
INFO: Undeploying context [/examples]
Nov 23, 2016 6:10:58 AM org.apache.catalina.startup.HostConfig undeploy
INFO: Undeploying context [/manager]
Nov 23, 2016 6:10:59 AM org.apache.catalina.startup.HostConfig undeploy
INFO: Undeploying context [/ROOTER]
Nov 23, 2016 6:23:04 AM org.apache.catalina.core.StandardServer await
INFO: A valid shutdown command was received via the shutdown port. Stopping the Server instance.
Nov 23, 2016 6:23:04 AM org.apache.coyote.AbstractProtocol pause
INFO: Pausing ProtocolHandler ["http-bio-8080"]
Nov 23, 2016 6:23:04 AM org.apache.coyote.AbstractProtocol pause
INFO: Pausing ProtocolHandler ["ajp-bio-8009"]
Nov 23, 2016 6:23:04 AM org.apache.catalina.core.StandardService stopInternal
INFO: Stopping service Catalina
Nov 23, 2016 6:23:04 AM org.apache.catalina.loader.WebappClassLoader clearReferencesJdbc
SEVERE: The web application [] registered the JDBC driver [com.mysql.jdbc.Driver] but failed to unregister it when the web application was stopped. To prevent a memory leak, the JDBC Driver has been forcibly unregistered.
Nov 23, 2016 6:23:04 AM org.apache.catalina.loader.WebappClassLoader clearReferencesThreads
SEVERE: The web application [] appears to have started a thread named [Abandoned connection cleanup thread] but has failed to stop it. This is very likely to create a memory leak.
Nov 23, 2016 6:23:04 AM org.apache.coyote.AbstractProtocol stop
INFO: Stopping ProtocolHandler ["http-bio-8080"]
Nov 23, 2016 6:23:04 AM org.apache.coyote.AbstractProtocol stop
INFO: Stopping ProtocolHandler ["ajp-bio-8009"]
Nov 23, 2016 6:23:04 AM org.apache.coyote.AbstractProtocol destroy
INFO: Destroying ProtocolHandler ["http-bio-8080"]
Nov 23, 2016 6:23:04 AM org.apache.coyote.AbstractProtocol destroy
INFO: Destroying ProtocolHandler ["ajp-bio-8009"]
Nov 23, 2016 6:23:19 AM org.apache.catalina.startup.VersionLoggerListener log
INFO: Server version:        Apache Tomcat/7.0.57
Nov 23, 2016 6:23:19 AM org.apache.catalina.startup.VersionLoggerListener log
INFO: Server built:          Nov 3 2014 08:39:16 UTC
Nov 23, 2016 6:23:19 AM org.apache.catalina.startup.VersionLoggerListener log
INFO: Server number:         7.0.57.0
Nov 23, 2016 6:23:19 AM org.apache.catalina.startup.VersionLoggerListener log
INFO: OS Name:               Linux
Nov 23, 2016 6:23:19 AM org.apache.catalina.startup.VersionLoggerListener log
INFO: OS Version:            3.18.20-nce-amd64
Nov 23, 2016 6:23:19 AM org.apache.catalina.startup.VersionLoggerListener log
INFO: Architecture:          amd64
Nov 23, 2016 6:23:19 AM org.apache.catalina.startup.VersionLoggerListener log
INFO: JAVA_HOME:             /home/sofapa/app/jdk1.7.0_75/jre
Nov 23, 2016 6:23:19 AM org.apache.catalina.startup.VersionLoggerListener log
INFO: JVM Version:           1.7.0_75-b13
Nov 23, 2016 6:23:19 AM org.apache.catalina.startup.VersionLoggerListener log
INFO: JVM Vendor:            Oracle Corporation
Nov 23, 2016 6:23:19 AM org.apache.catalina.startup.VersionLoggerListener log
INFO: CATALINA_BASE:         /home/sofapa/app/tomcat7
Nov 23, 2016 6:23:19 AM org.apache.catalina.startup.VersionLoggerListener log
INFO: CATALINA_HOME:         /home/sofapa/app/tomcat7
Nov 23, 2016 6:23:19 AM org.apache.catalina.startup.VersionLoggerListener log
INFO: Command line argument: -Djava.util.logging.config.file=/home/sofapa/app/tomcat7/conf/logging.properties
Nov 23, 2016 6:23:19 AM org.apache.catalina.startup.VersionLoggerListener log
INFO: Command line argument: -Djava.util.logging.manager=org.apache.juli.ClassLoaderLogManager
Nov 23, 2016 6:23:19 AM org.apache.catalina.startup.VersionLoggerListener log
INFO: Command line argument: -Djava.endorsed.dirs=/home/sofapa/app/tomcat7/endorsed
Nov 23, 2016 6:23:19 AM org.apache.catalina.startup.VersionLoggerListener log
INFO: Command line argument: -Dcatalina.base=/home/sofapa/app/tomcat7
Nov 23, 2016 6:23:19 AM org.apache.catalina.startup.VersionLoggerListener log
INFO: Command line argument: -Dcatalina.home=/home/sofapa/app/tomcat7
Nov 23, 2016 6:23:19 AM org.apache.catalina.startup.VersionLoggerListener log
INFO: Command line argument: -Djava.io.tmpdir=/home/sofapa/app/tomcat7/temp
Nov 23, 2016 6:23:19 AM org.apache.catalina.core.AprLifecycleListener lifecycleEvent
INFO: The APR based Apache Tomcat Native library which allows optimal performance in production environments was not found on the java.library.path: /usr/java/packages/lib/amd64:/usr/lib64:/lib64:/lib:/usr/lib
Nov 23, 2016 6:23:19 AM org.apache.coyote.AbstractProtocol init
INFO: Initializing ProtocolHandler ["http-bio-8080"]
Nov 23, 2016 6:23:19 AM org.apache.coyote.AbstractProtocol init
INFO: Initializing ProtocolHandler ["ajp-bio-8009"]
Nov 23, 2016 6:23:19 AM org.apache.catalina.startup.Catalina load
INFO: Initialization processed in 1415 ms
Nov 23, 2016 6:23:19 AM org.apache.catalina.core.StandardService startInternal
INFO: Starting service Catalina
Nov 23, 2016 6:23:19 AM org.apache.catalina.core.StandardEngine startInternal
INFO: Starting Servlet Engine: Apache Tomcat/7.0.57
Nov 23, 2016 6:23:19 AM org.apache.catalina.startup.HostConfig deployDirectory
INFO: Deploying web application directory /home/sofapa/app/tomcat7/webapps/int
Nov 23, 2016 6:23:20 AM org.apache.catalina.startup.HostConfig deployDirectory
INFO: Deployment of web application directory /home/sofapa/app/tomcat7/webapps/int has finished in 1,093 ms
Nov 23, 2016 6:23:21 AM org.apache.catalina.startup.HostConfig deployDirectory
INFO: Deploying web application directory /home/sofapa/app/tomcat7/webapps/ROOT
Nov 23, 2016 6:23:33 AM org.apache.catalina.startup.HostConfig deployDirectory
INFO: Deployment of web application directory /home/sofapa/app/tomcat7/webapps/ROOT has finished in 12,369 ms
Nov 23, 2016 6:23:33 AM org.apache.coyote.AbstractProtocol start
INFO: Starting ProtocolHandler ["http-bio-8080"]
Nov 23, 2016 6:23:33 AM org.apache.coyote.AbstractProtocol start
INFO: Starting ProtocolHandler ["ajp-bio-8009"]
Nov 23, 2016 6:23:33 AM org.apache.catalina.startup.Catalina start
INFO: Server startup in 13608 ms
Nov 23, 2016 5:07:50 PM org.apache.catalina.core.StandardServer await
INFO: A valid shutdown command was received via the shutdown port. Stopping the Server instance.
Nov 23, 2016 5:07:50 PM org.apache.coyote.AbstractProtocol pause
INFO: Pausing ProtocolHandler ["http-bio-8080"]
Nov 23, 2016 5:07:50 PM org.apache.coyote.AbstractProtocol pause
INFO: Pausing ProtocolHandler ["ajp-bio-8009"]
Nov 23, 2016 5:07:50 PM org.apache.catalina.core.StandardService stopInternal
INFO: Stopping service Catalina
Nov 23, 2016 5:07:50 PM org.apache.catalina.loader.WebappClassLoader clearReferencesJdbc
SEVERE: The web application [] registered the JDBC driver [com.mysql.jdbc.Driver] but failed to unregister it when the web application was stopped. To prevent a memory leak, the JDBC Driver has been forcibly unregistered.
Nov 23, 2016 5:07:50 PM org.apache.catalina.loader.WebappClassLoader clearReferencesThreads
SEVERE: The web application [] appears to have started a thread named [Abandoned connection cleanup thread] but has failed to stop it. This is very likely to create a memory leak.
Nov 23, 2016 5:07:50 PM org.apache.coyote.AbstractProtocol stop
INFO: Stopping ProtocolHandler ["http-bio-8080"]
Nov 23, 2016 5:07:50 PM org.apache.coyote.AbstractProtocol stop
INFO: Stopping ProtocolHandler ["ajp-bio-8009"]
Nov 23, 2016 5:07:50 PM org.apache.coyote.AbstractProtocol destroy
INFO: Destroying ProtocolHandler ["http-bio-8080"]
Nov 23, 2016 5:07:50 PM org.apache.coyote.AbstractProtocol destroy
INFO: Destroying ProtocolHandler ["ajp-bio-8009"]
Nov 23, 2016 5:07:58 PM org.apache.catalina.startup.VersionLoggerListener log
INFO: Server version:        Apache Tomcat/7.0.57
Nov 23, 2016 5:07:58 PM org.apache.catalina.startup.VersionLoggerListener log
INFO: Server built:          Nov 3 2014 08:39:16 UTC
Nov 23, 2016 5:07:58 PM org.apache.catalina.startup.VersionLoggerListener log
INFO: Server number:         7.0.57.0
Nov 23, 2016 5:07:58 PM org.apache.catalina.startup.VersionLoggerListener log
INFO: OS Name:               Linux
Nov 23, 2016 5:07:58 PM org.apache.catalina.startup.VersionLoggerListener log
INFO: OS Version:            3.18.20-nce-amd64
Nov 23, 2016 5:07:58 PM org.apache.catalina.startup.VersionLoggerListener log
INFO: Architecture:          amd64
Nov 23, 2016 5:07:58 PM org.apache.catalina.startup.VersionLoggerListener log
INFO: JAVA_HOME:             /home/sofapa/app/jdk1.7.0_75/jre
Nov 23, 2016 5:07:58 PM org.apache.catalina.startup.VersionLoggerListener log
INFO: JVM Version:           1.7.0_75-b13
Nov 23, 2016 5:07:58 PM org.apache.catalina.startup.VersionLoggerListener log
INFO: JVM Vendor:            Oracle Corporation
Nov 23, 2016 5:07:58 PM org.apache.catalina.startup.VersionLoggerListener log
INFO: CATALINA_BASE:         /home/sofapa/app/tomcat7
Nov 23, 2016 5:07:58 PM org.apache.catalina.startup.VersionLoggerListener log
INFO: CATALINA_HOME:         /home/sofapa/app/tomcat7
Nov 23, 2016 5:07:58 PM org.apache.catalina.startup.VersionLoggerListener log
INFO: Command line argument: -Djava.util.logging.config.file=/home/sofapa/app/tomcat7/conf/logging.properties
Nov 23, 2016 5:07:58 PM org.apache.catalina.startup.VersionLoggerListener log
INFO: Command line argument: -Djava.util.logging.manager=org.apache.juli.ClassLoaderLogManager
Nov 23, 2016 5:07:58 PM org.apache.catalina.startup.VersionLoggerListener log
INFO: Command line argument: -Djava.endorsed.dirs=/home/sofapa/app/tomcat7/endorsed
Nov 23, 2016 5:07:58 PM org.apache.catalina.startup.VersionLoggerListener log
INFO: Command line argument: -Dcatalina.base=/home/sofapa/app/tomcat7
Nov 23, 2016 5:07:58 PM org.apache.catalina.startup.VersionLoggerListener log
INFO: Command line argument: -Dcatalina.home=/home/sofapa/app/tomcat7
Nov 23, 2016 5:07:58 PM org.apache.catalina.startup.VersionLoggerListener log
INFO: Command line argument: -Djava.io.tmpdir=/home/sofapa/app/tomcat7/temp
Nov 23, 2016 5:07:58 PM org.apache.catalina.core.AprLifecycleListener lifecycleEvent
INFO: The APR based Apache Tomcat Native library which allows optimal performance in production environments was not found on the java.library.path: /usr/java/packages/lib/amd64:/usr/lib64:/lib64:/lib:/usr/lib
Nov 23, 2016 5:07:58 PM org.apache.coyote.AbstractProtocol init
INFO: Initializing ProtocolHandler ["http-bio-8080"]
Nov 23, 2016 5:07:58 PM org.apache.coyote.AbstractProtocol init
INFO: Initializing ProtocolHandler ["ajp-bio-8009"]
Nov 23, 2016 5:07:58 PM org.apache.catalina.startup.Catalina load
INFO: Initialization processed in 1572 ms
Nov 23, 2016 5:07:58 PM org.apache.catalina.core.StandardService startInternal
INFO: Starting service Catalina
Nov 23, 2016 5:07:58 PM org.apache.catalina.core.StandardEngine startInternal
INFO: Starting Servlet Engine: Apache Tomcat/7.0.57
Nov 23, 2016 5:07:58 PM org.apache.catalina.startup.HostConfig deployDirectory
INFO: Deploying web application directory /home/sofapa/app/tomcat7/webapps/int
Nov 23, 2016 5:08:00 PM org.apache.catalina.startup.HostConfig deployDirectory
INFO: Deployment of web application directory /home/sofapa/app/tomcat7/webapps/int has finished in 1,187 ms
Nov 23, 2016 5:08:00 PM org.apache.catalina.startup.HostConfig deployDirectory
INFO: Deploying web application directory /home/sofapa/app/tomcat7/webapps/ROOT
Nov 23, 2016 5:08:13 PM org.apache.catalina.startup.HostConfig deployDirectory
INFO: Deployment of web application directory /home/sofapa/app/tomcat7/webapps/ROOT has finished in 13,569 ms
Nov 23, 2016 5:08:13 PM org.apache.coyote.AbstractProtocol start
INFO: Starting ProtocolHandler ["http-bio-8080"]
Nov 23, 2016 5:08:13 PM org.apache.coyote.AbstractProtocol start
INFO: Starting ProtocolHandler ["ajp-bio-8009"]
Nov 23, 2016 5:08:13 PM org.apache.catalina.startup.Catalina start
INFO: Server startup in 14901 ms
Nov 23, 2016 5:52:36 PM org.apache.catalina.core.StandardServer await
INFO: A valid shutdown command was received via the shutdown port. Stopping the Server instance.
Nov 23, 2016 5:52:36 PM org.apache.coyote.AbstractProtocol pause
INFO: Pausing ProtocolHandler ["http-bio-8080"]
Nov 23, 2016 5:52:36 PM org.apache.coyote.AbstractProtocol pause
INFO: Pausing ProtocolHandler ["ajp-bio-8009"]
Nov 23, 2016 5:52:36 PM org.apache.catalina.core.StandardService stopInternal
INFO: Stopping service Catalina
Nov 23, 2016 5:52:36 PM org.apache.catalina.loader.WebappClassLoader clearReferencesJdbc
SEVERE: The web application [] registered the JDBC driver [com.mysql.jdbc.Driver] but failed to unregister it when the web application was stopped. To prevent a memory leak, the JDBC Driver has been forcibly unregistered.
Nov 23, 2016 5:52:36 PM org.apache.catalina.loader.WebappClassLoader clearReferencesThreads
SEVERE: The web application [] appears to have started a thread named [Abandoned connection cleanup thread] but has failed to stop it. This is very likely to create a memory leak.
Nov 23, 2016 5:52:36 PM org.apache.coyote.AbstractProtocol stop
INFO: Stopping ProtocolHandler ["http-bio-8080"]
Nov 23, 2016 5:52:36 PM org.apache.coyote.AbstractProtocol stop
INFO: Stopping ProtocolHandler ["ajp-bio-8009"]
Nov 23, 2016 5:52:36 PM org.apache.coyote.AbstractProtocol destroy
INFO: Destroying ProtocolHandler ["http-bio-8080"]
Nov 23, 2016 5:52:36 PM org.apache.coyote.AbstractProtocol destroy
INFO: Destroying ProtocolHandler ["ajp-bio-8009"]
Nov 23, 2016 5:52:51 PM org.apache.catalina.startup.VersionLoggerListener log
INFO: Server version:        Apache Tomcat/7.0.57
Nov 23, 2016 5:52:51 PM org.apache.catalina.startup.VersionLoggerListener log
INFO: Server built:          Nov 3 2014 08:39:16 UTC
Nov 23, 2016 5:52:51 PM org.apache.catalina.startup.VersionLoggerListener log
INFO: Server number:         7.0.57.0
Nov 23, 2016 5:52:51 PM org.apache.catalina.startup.VersionLoggerListener log
INFO: OS Name:               Linux
Nov 23, 2016 5:52:51 PM org.apache.catalina.startup.VersionLoggerListener log
INFO: OS Version:            3.18.20-nce-amd64
Nov 23, 2016 5:52:51 PM org.apache.catalina.startup.VersionLoggerListener log
INFO: Architecture:          amd64
Nov 23, 2016 5:52:51 PM org.apache.catalina.startup.VersionLoggerListener log
INFO: JAVA_HOME:             /home/sofapa/app/jdk1.7.0_75/jre
Nov 23, 2016 5:52:51 PM org.apache.catalina.startup.VersionLoggerListener log
INFO: JVM Version:           1.7.0_75-b13
Nov 23, 2016 5:52:51 PM org.apache.catalina.startup.VersionLoggerListener log
INFO: JVM Vendor:            Oracle Corporation
Nov 23, 2016 5:52:51 PM org.apache.catalina.startup.VersionLoggerListener log
INFO: CATALINA_BASE:         /home/sofapa/app/tomcat7
Nov 23, 2016 5:52:51 PM org.apache.catalina.startup.VersionLoggerListener log
INFO: CATALINA_HOME:         /home/sofapa/app/tomcat7
Nov 23, 2016 5:52:51 PM org.apache.catalina.startup.VersionLoggerListener log
INFO: Command line argument: -Djava.util.logging.config.file=/home/sofapa/app/tomcat7/conf/logging.properties
Nov 23, 2016 5:52:51 PM org.apache.catalina.startup.VersionLoggerListener log
INFO: Command line argument: -Djava.util.logging.manager=org.apache.juli.ClassLoaderLogManager
Nov 23, 2016 5:52:51 PM org.apache.catalina.startup.VersionLoggerListener log
INFO: Command line argument: -Djava.endorsed.dirs=/home/sofapa/app/tomcat7/endorsed
Nov 23, 2016 5:52:51 PM org.apache.catalina.startup.VersionLoggerListener log
INFO: Command line argument: -Dcatalina.base=/home/sofapa/app/tomcat7
Nov 23, 2016 5:52:51 PM org.apache.catalina.startup.VersionLoggerListener log
INFO: Command line argument: -Dcatalina.home=/home/sofapa/app/tomcat7
Nov 23, 2016 5:52:51 PM org.apache.catalina.startup.VersionLoggerListener log
INFO: Command line argument: -Djava.io.tmpdir=/home/sofapa/app/tomcat7/temp
Nov 23, 2016 5:52:51 PM org.apache.catalina.core.AprLifecycleListener lifecycleEvent
INFO: The APR based Apache Tomcat Native library which allows optimal performance in production environments was not found on the java.library.path: /usr/java/packages/lib/amd64:/usr/lib64:/lib64:/lib:/usr/lib
Nov 23, 2016 5:52:52 PM org.apache.coyote.AbstractProtocol init
INFO: Initializing ProtocolHandler ["http-bio-8080"]
Nov 23, 2016 5:52:52 PM org.apache.coyote.AbstractProtocol init
INFO: Initializing ProtocolHandler ["ajp-bio-8009"]
Nov 23, 2016 5:52:52 PM org.apache.catalina.startup.Catalina load
INFO: Initialization processed in 1542 ms
Nov 23, 2016 5:52:52 PM org.apache.catalina.core.StandardService startInternal
INFO: Starting service Catalina
Nov 23, 2016 5:52:52 PM org.apache.catalina.core.StandardEngine startInternal
INFO: Starting Servlet Engine: Apache Tomcat/7.0.57
Nov 23, 2016 5:52:52 PM org.apache.catalina.startup.HostConfig deployDirectory
INFO: Deploying web application directory /home/sofapa/app/tomcat7/webapps/int
Nov 23, 2016 5:52:53 PM org.apache.catalina.startup.HostConfig deployDirectory
INFO: Deployment of web application directory /home/sofapa/app/tomcat7/webapps/int has finished in 1,172 ms
Nov 23, 2016 5:52:53 PM org.apache.catalina.startup.HostConfig deployDirectory
INFO: Deploying web application directory /home/sofapa/app/tomcat7/webapps/ROOT
Nov 23, 2016 5:53:06 PM org.apache.catalina.startup.HostConfig deployDirectory
INFO: Deployment of web application directory /home/sofapa/app/tomcat7/webapps/ROOT has finished in 13,200 ms
Nov 23, 2016 5:53:06 PM org.apache.coyote.AbstractProtocol start
INFO: Starting ProtocolHandler ["http-bio-8080"]
Nov 23, 2016 5:53:06 PM org.apache.coyote.AbstractProtocol start
INFO: Starting ProtocolHandler ["ajp-bio-8009"]
Nov 23, 2016 5:53:06 PM org.apache.catalina.startup.Catalina start
INFO: Server startup in 14523 ms
