Nov 21, 2016 8:46:04 PM org.apache.catalina.startup.VersionLoggerListener log
INFO: Server version:        Apache Tomcat/7.0.57
Nov 21, 2016 8:46:04 PM org.apache.catalina.startup.VersionLoggerListener log
INFO: Server built:          Nov 3 2014 08:39:16 UTC
Nov 21, 2016 8:46:04 PM org.apache.catalina.startup.VersionLoggerListener log
INFO: Server number:         7.0.57.0
Nov 21, 2016 8:46:04 PM org.apache.catalina.startup.VersionLoggerListener log
INFO: OS Name:               Linux
Nov 21, 2016 8:46:04 PM org.apache.catalina.startup.VersionLoggerListener log
INFO: OS Version:            3.18.20-nce-amd64
Nov 21, 2016 8:46:04 PM org.apache.catalina.startup.VersionLoggerListener log
INFO: Architecture:          amd64
Nov 21, 2016 8:46:04 PM org.apache.catalina.startup.VersionLoggerListener log
INFO: JAVA_HOME:             /home/sofapa/app/jdk1.7.0_75/jre
Nov 21, 2016 8:46:04 PM org.apache.catalina.startup.VersionLoggerListener log
INFO: JVM Version:           1.7.0_75-b13
Nov 21, 2016 8:46:04 PM org.apache.catalina.startup.VersionLoggerListener log
INFO: JVM Vendor:            Oracle Corporation
Nov 21, 2016 8:46:04 PM org.apache.catalina.startup.VersionLoggerListener log
INFO: CATALINA_BASE:         /home/sofapa/app/tomcat7
Nov 21, 2016 8:46:04 PM org.apache.catalina.startup.VersionLoggerListener log
INFO: CATALINA_HOME:         /home/sofapa/app/tomcat7
Nov 21, 2016 8:46:04 PM org.apache.catalina.startup.VersionLoggerListener log
INFO: Command line argument: -Djava.util.logging.config.file=/home/sofapa/app/tomcat7/conf/logging.properties
Nov 21, 2016 8:46:04 PM org.apache.catalina.startup.VersionLoggerListener log
INFO: Command line argument: -Djava.util.logging.manager=org.apache.juli.ClassLoaderLogManager
Nov 21, 2016 8:46:04 PM org.apache.catalina.startup.VersionLoggerListener log
INFO: Command line argument: -Djava.endorsed.dirs=/home/sofapa/app/tomcat7/endorsed
Nov 21, 2016 8:46:04 PM org.apache.catalina.startup.VersionLoggerListener log
INFO: Command line argument: -Dcatalina.base=/home/sofapa/app/tomcat7
Nov 21, 2016 8:46:04 PM org.apache.catalina.startup.VersionLoggerListener log
INFO: Command line argument: -Dcatalina.home=/home/sofapa/app/tomcat7
Nov 21, 2016 8:46:04 PM org.apache.catalina.startup.VersionLoggerListener log
INFO: Command line argument: -Djava.io.tmpdir=/home/sofapa/app/tomcat7/temp
Nov 21, 2016 8:46:04 PM org.apache.catalina.core.AprLifecycleListener lifecycleEvent
INFO: The APR based Apache Tomcat Native library which allows optimal performance in production environments was not found on the java.library.path: /usr/java/packages/lib/amd64:/usr/lib64:/lib64:/lib:/usr/lib
Nov 21, 2016 8:46:04 PM org.apache.coyote.AbstractProtocol init
INFO: Initializing ProtocolHandler ["http-bio-8080"]
Nov 21, 2016 8:46:04 PM org.apache.coyote.AbstractProtocol init
INFO: Initializing ProtocolHandler ["ajp-bio-8009"]
Nov 21, 2016 8:46:04 PM org.apache.catalina.startup.Catalina load
INFO: Initialization processed in 1466 ms
Nov 21, 2016 8:46:04 PM org.apache.catalina.core.StandardService startInternal
INFO: Starting service Catalina
Nov 21, 2016 8:46:04 PM org.apache.catalina.core.StandardEngine startInternal
INFO: Starting Servlet Engine: Apache Tomcat/7.0.57
Nov 21, 2016 8:46:04 PM org.apache.catalina.startup.HostConfig deployDirectory
INFO: Deploying web application directory /home/sofapa/app/tomcat7/webapps/docs
Nov 21, 2016 8:47:28 PM org.apache.catalina.util.SessionIdGenerator createSecureRandom
INFO: Creation of SecureRandom instance for session ID generation using [SHA1PRNG] took [82,647] milliseconds.
Nov 21, 2016 8:47:28 PM org.apache.catalina.startup.HostConfig deployDirectory
INFO: Deployment of web application directory /home/sofapa/app/tomcat7/webapps/docs has finished in 83,724 ms
Nov 21, 2016 8:47:28 PM org.apache.catalina.startup.HostConfig deployDirectory
INFO: Deploying web application directory /home/sofapa/app/tomcat7/webapps/examples
Nov 21, 2016 8:47:29 PM org.apache.catalina.startup.HostConfig deployDirectory
INFO: Deployment of web application directory /home/sofapa/app/tomcat7/webapps/examples has finished in 921 ms
Nov 21, 2016 8:47:29 PM org.apache.catalina.startup.HostConfig deployDirectory
INFO: Deploying web application directory /home/sofapa/app/tomcat7/webapps/manager
Nov 21, 2016 8:47:29 PM org.apache.catalina.startup.HostConfig deployDirectory
INFO: Deployment of web application directory /home/sofapa/app/tomcat7/webapps/manager has finished in 134 ms
Nov 21, 2016 8:47:29 PM org.apache.catalina.startup.HostConfig deployDirectory
INFO: Deploying web application directory /home/sofapa/app/tomcat7/webapps/ROOT
Nov 21, 2016 8:47:29 PM org.apache.catalina.startup.HostConfig deployDirectory
INFO: Deployment of web application directory /home/sofapa/app/tomcat7/webapps/ROOT has finished in 146 ms
Nov 21, 2016 8:47:29 PM org.apache.catalina.startup.HostConfig deployDirectory
INFO: Deploying web application directory /home/sofapa/app/tomcat7/webapps/host-manager
Nov 21, 2016 8:47:29 PM org.apache.catalina.startup.HostConfig deployDirectory
INFO: Deployment of web application directory /home/sofapa/app/tomcat7/webapps/host-manager has finished in 112 ms
Nov 21, 2016 8:47:29 PM org.apache.coyote.AbstractProtocol start
INFO: Starting ProtocolHandler ["http-bio-8080"]
Nov 21, 2016 8:47:29 PM org.apache.coyote.AbstractProtocol start
INFO: Starting ProtocolHandler ["ajp-bio-8009"]
Nov 21, 2016 8:47:29 PM org.apache.catalina.startup.Catalina start
INFO: Server startup in 85210 ms
Nov 21, 2016 8:49:12 PM org.apache.catalina.core.StandardServer await
INFO: A valid shutdown command was received via the shutdown port. Stopping the Server instance.
Nov 21, 2016 8:49:12 PM org.apache.coyote.AbstractProtocol pause
INFO: Pausing ProtocolHandler ["http-bio-8080"]
Nov 21, 2016 8:49:12 PM org.apache.coyote.AbstractProtocol pause
INFO: Pausing ProtocolHandler ["ajp-bio-8009"]
Nov 21, 2016 8:49:12 PM org.apache.catalina.core.StandardService stopInternal
INFO: Stopping service Catalina
Nov 21, 2016 8:49:12 PM org.apache.coyote.AbstractProtocol stop
INFO: Stopping ProtocolHandler ["http-bio-8080"]
Nov 21, 2016 8:49:12 PM org.apache.coyote.AbstractProtocol stop
INFO: Stopping ProtocolHandler ["ajp-bio-8009"]
Nov 21, 2016 8:49:12 PM org.apache.coyote.AbstractProtocol destroy
INFO: Destroying ProtocolHandler ["http-bio-8080"]
Nov 21, 2016 8:49:12 PM org.apache.coyote.AbstractProtocol destroy
INFO: Destroying ProtocolHandler ["ajp-bio-8009"]
Nov 21, 2016 8:49:25 PM org.apache.catalina.startup.VersionLoggerListener log
INFO: Server version:        Apache Tomcat/7.0.57
Nov 21, 2016 8:49:25 PM org.apache.catalina.startup.VersionLoggerListener log
INFO: Server built:          Nov 3 2014 08:39:16 UTC
Nov 21, 2016 8:49:25 PM org.apache.catalina.startup.VersionLoggerListener log
INFO: Server number:         7.0.57.0
Nov 21, 2016 8:49:25 PM org.apache.catalina.startup.VersionLoggerListener log
INFO: OS Name:               Linux
Nov 21, 2016 8:49:25 PM org.apache.catalina.startup.VersionLoggerListener log
INFO: OS Version:            3.18.20-nce-amd64
Nov 21, 2016 8:49:25 PM org.apache.catalina.startup.VersionLoggerListener log
INFO: Architecture:          amd64
Nov 21, 2016 8:49:25 PM org.apache.catalina.startup.VersionLoggerListener log
INFO: JAVA_HOME:             /home/sofapa/app/jdk1.7.0_75/jre
Nov 21, 2016 8:49:25 PM org.apache.catalina.startup.VersionLoggerListener log
INFO: JVM Version:           1.7.0_75-b13
Nov 21, 2016 8:49:25 PM org.apache.catalina.startup.VersionLoggerListener log
INFO: JVM Vendor:            Oracle Corporation
Nov 21, 2016 8:49:25 PM org.apache.catalina.startup.VersionLoggerListener log
INFO: CATALINA_BASE:         /home/sofapa/app/tomcat7
Nov 21, 2016 8:49:25 PM org.apache.catalina.startup.VersionLoggerListener log
INFO: CATALINA_HOME:         /home/sofapa/app/tomcat7
Nov 21, 2016 8:49:25 PM org.apache.catalina.startup.VersionLoggerListener log
INFO: Command line argument: -Djava.util.logging.config.file=/home/sofapa/app/tomcat7/conf/logging.properties
Nov 21, 2016 8:49:25 PM org.apache.catalina.startup.VersionLoggerListener log
INFO: Command line argument: -Djava.util.logging.manager=org.apache.juli.ClassLoaderLogManager
Nov 21, 2016 8:49:25 PM org.apache.catalina.startup.VersionLoggerListener log
INFO: Command line argument: -Djava.endorsed.dirs=/home/sofapa/app/tomcat7/endorsed
Nov 21, 2016 8:49:25 PM org.apache.catalina.startup.VersionLoggerListener log
INFO: Command line argument: -Dcatalina.base=/home/sofapa/app/tomcat7
Nov 21, 2016 8:49:25 PM org.apache.catalina.startup.VersionLoggerListener log
INFO: Command line argument: -Dcatalina.home=/home/sofapa/app/tomcat7
Nov 21, 2016 8:49:25 PM org.apache.catalina.startup.VersionLoggerListener log
INFO: Command line argument: -Djava.io.tmpdir=/home/sofapa/app/tomcat7/temp
Nov 21, 2016 8:49:25 PM org.apache.catalina.core.AprLifecycleListener lifecycleEvent
INFO: The APR based Apache Tomcat Native library which allows optimal performance in production environments was not found on the java.library.path: /usr/java/packages/lib/amd64:/usr/lib64:/lib64:/lib:/usr/lib
Nov 21, 2016 8:49:25 PM org.apache.coyote.AbstractProtocol init
INFO: Initializing ProtocolHandler ["http-bio-8080"]
Nov 21, 2016 8:49:25 PM org.apache.coyote.AbstractProtocol init
INFO: Initializing ProtocolHandler ["ajp-bio-8009"]
Nov 21, 2016 8:49:25 PM org.apache.catalina.startup.Catalina load
INFO: Initialization processed in 1429 ms
Nov 21, 2016 8:49:25 PM org.apache.catalina.core.StandardService startInternal
INFO: Starting service Catalina
Nov 21, 2016 8:49:25 PM org.apache.catalina.core.StandardEngine startInternal
INFO: Starting Servlet Engine: Apache Tomcat/7.0.57
Nov 21, 2016 8:49:25 PM org.apache.catalina.startup.HostConfig deployDirectory
INFO: Deploying web application directory /home/sofapa/app/tomcat7/webapps/docs
Nov 21, 2016 8:52:42 PM org.apache.catalina.startup.VersionLoggerListener log
INFO: Server version:        Apache Tomcat/7.0.57
Nov 21, 2016 8:52:42 PM org.apache.catalina.startup.VersionLoggerListener log
INFO: Server built:          Nov 3 2014 08:39:16 UTC
Nov 21, 2016 8:52:42 PM org.apache.catalina.startup.VersionLoggerListener log
INFO: Server number:         7.0.57.0
Nov 21, 2016 8:52:42 PM org.apache.catalina.startup.VersionLoggerListener log
INFO: OS Name:               Linux
Nov 21, 2016 8:52:42 PM org.apache.catalina.startup.VersionLoggerListener log
INFO: OS Version:            3.18.20-nce-amd64
Nov 21, 2016 8:52:42 PM org.apache.catalina.startup.VersionLoggerListener log
INFO: Architecture:          amd64
Nov 21, 2016 8:52:42 PM org.apache.catalina.startup.VersionLoggerListener log
INFO: JAVA_HOME:             /home/sofapa/app/jdk1.7.0_75/jre
Nov 21, 2016 8:52:42 PM org.apache.catalina.startup.VersionLoggerListener log
INFO: JVM Version:           1.7.0_75-b13
Nov 21, 2016 8:52:42 PM org.apache.catalina.startup.VersionLoggerListener log
INFO: JVM Vendor:            Oracle Corporation
Nov 21, 2016 8:52:42 PM org.apache.catalina.startup.VersionLoggerListener log
INFO: CATALINA_BASE:         /home/sofapa/app/tomcat7
Nov 21, 2016 8:52:42 PM org.apache.catalina.startup.VersionLoggerListener log
INFO: CATALINA_HOME:         /home/sofapa/app/tomcat7
Nov 21, 2016 8:52:42 PM org.apache.catalina.startup.VersionLoggerListener log
INFO: Command line argument: -Djava.util.logging.config.file=/home/sofapa/app/tomcat7/conf/logging.properties
Nov 21, 2016 8:52:42 PM org.apache.catalina.startup.VersionLoggerListener log
INFO: Command line argument: -Djava.util.logging.manager=org.apache.juli.ClassLoaderLogManager
Nov 21, 2016 8:52:42 PM org.apache.catalina.startup.VersionLoggerListener log
INFO: Command line argument: -Djava.endorsed.dirs=/home/sofapa/app/tomcat7/endorsed
Nov 21, 2016 8:52:42 PM org.apache.catalina.startup.VersionLoggerListener log
INFO: Command line argument: -Dcatalina.base=/home/sofapa/app/tomcat7
Nov 21, 2016 8:52:42 PM org.apache.catalina.startup.VersionLoggerListener log
INFO: Command line argument: -Dcatalina.home=/home/sofapa/app/tomcat7
Nov 21, 2016 8:52:42 PM org.apache.catalina.startup.VersionLoggerListener log
INFO: Command line argument: -Djava.io.tmpdir=/home/sofapa/app/tomcat7/temp
Nov 21, 2016 8:52:42 PM org.apache.catalina.core.AprLifecycleListener lifecycleEvent
INFO: The APR based Apache Tomcat Native library which allows optimal performance in production environments was not found on the java.library.path: /usr/java/packages/lib/amd64:/usr/lib64:/lib64:/lib:/usr/lib
Nov 21, 2016 8:52:43 PM org.apache.coyote.AbstractProtocol init
INFO: Initializing ProtocolHandler ["http-bio-8080"]
Nov 21, 2016 8:52:43 PM org.apache.coyote.AbstractProtocol init
SEVERE: Failed to initialize end point associated with ProtocolHandler ["http-bio-8080"]
java.net.BindException: Address already in use <null>:8080
	at org.apache.tomcat.util.net.JIoEndpoint.bind(JIoEndpoint.java:411)
	at org.apache.tomcat.util.net.AbstractEndpoint.init(AbstractEndpoint.java:646)
	at org.apache.coyote.AbstractProtocol.init(AbstractProtocol.java:434)
	at org.apache.coyote.http11.AbstractHttp11JsseProtocol.init(AbstractHttp11JsseProtocol.java:119)
	at org.apache.catalina.connector.Connector.initInternal(Connector.java:978)
	at org.apache.catalina.util.LifecycleBase.init(LifecycleBase.java:102)
	at org.apache.catalina.core.StandardService.initInternal(StandardService.java:559)
	at org.apache.catalina.util.LifecycleBase.init(LifecycleBase.java:102)
	at org.apache.catalina.core.StandardServer.initInternal(StandardServer.java:821)
	at org.apache.catalina.util.LifecycleBase.init(LifecycleBase.java:102)
	at org.apache.catalina.startup.Catalina.load(Catalina.java:638)
	at org.apache.catalina.startup.Catalina.load(Catalina.java:663)
	at sun.reflect.NativeMethodAccessorImpl.invoke0(Native Method)
	at sun.reflect.NativeMethodAccessorImpl.invoke(NativeMethodAccessorImpl.java:57)
	at sun.reflect.DelegatingMethodAccessorImpl.invoke(DelegatingMethodAccessorImpl.java:43)
	at java.lang.reflect.Method.invoke(Method.java:606)
	at org.apache.catalina.startup.Bootstrap.load(Bootstrap.java:280)
	at org.apache.catalina.startup.Bootstrap.main(Bootstrap.java:454)
Caused by: java.net.BindException: Address already in use
	at java.net.PlainSocketImpl.socketBind(Native Method)
	at java.net.AbstractPlainSocketImpl.bind(AbstractPlainSocketImpl.java:376)
	at java.net.ServerSocket.bind(ServerSocket.java:376)
	at java.net.ServerSocket.<init>(ServerSocket.java:237)
	at java.net.ServerSocket.<init>(ServerSocket.java:181)
	at org.apache.tomcat.util.net.DefaultServerSocketFactory.createSocket(DefaultServerSocketFactory.java:49)
	at org.apache.tomcat.util.net.JIoEndpoint.bind(JIoEndpoint.java:398)
	... 17 more

Nov 21, 2016 8:52:43 PM org.apache.catalina.core.StandardService initInternal
SEVERE: Failed to initialize connector [Connector[HTTP/1.1-8080]]
org.apache.catalina.LifecycleException: Failed to initialize component [Connector[HTTP/1.1-8080]]
	at org.apache.catalina.util.LifecycleBase.init(LifecycleBase.java:106)
	at org.apache.catalina.core.StandardService.initInternal(StandardService.java:559)
	at org.apache.catalina.util.LifecycleBase.init(LifecycleBase.java:102)
	at org.apache.catalina.core.StandardServer.initInternal(StandardServer.java:821)
	at org.apache.catalina.util.LifecycleBase.init(LifecycleBase.java:102)
	at org.apache.catalina.startup.Catalina.load(Catalina.java:638)
	at org.apache.catalina.startup.Catalina.load(Catalina.java:663)
	at sun.reflect.NativeMethodAccessorImpl.invoke0(Native Method)
	at sun.reflect.NativeMethodAccessorImpl.invoke(NativeMethodAccessorImpl.java:57)
	at sun.reflect.DelegatingMethodAccessorImpl.invoke(DelegatingMethodAccessorImpl.java:43)
	at java.lang.reflect.Method.invoke(Method.java:606)
	at org.apache.catalina.startup.Bootstrap.load(Bootstrap.java:280)
	at org.apache.catalina.startup.Bootstrap.main(Bootstrap.java:454)
Caused by: org.apache.catalina.LifecycleException: Protocol handler initialization failed
	at org.apache.catalina.connector.Connector.initInternal(Connector.java:980)
	at org.apache.catalina.util.LifecycleBase.init(LifecycleBase.java:102)
	... 12 more
Caused by: java.net.BindException: Address already in use <null>:8080
	at org.apache.tomcat.util.net.JIoEndpoint.bind(JIoEndpoint.java:411)
	at org.apache.tomcat.util.net.AbstractEndpoint.init(AbstractEndpoint.java:646)
	at org.apache.coyote.AbstractProtocol.init(AbstractProtocol.java:434)
	at org.apache.coyote.http11.AbstractHttp11JsseProtocol.init(AbstractHttp11JsseProtocol.java:119)
	at org.apache.catalina.connector.Connector.initInternal(Connector.java:978)
	... 13 more
Caused by: java.net.BindException: Address already in use
	at java.net.PlainSocketImpl.socketBind(Native Method)
	at java.net.AbstractPlainSocketImpl.bind(AbstractPlainSocketImpl.java:376)
	at java.net.ServerSocket.bind(ServerSocket.java:376)
	at java.net.ServerSocket.<init>(ServerSocket.java:237)
	at java.net.ServerSocket.<init>(ServerSocket.java:181)
	at org.apache.tomcat.util.net.DefaultServerSocketFactory.createSocket(DefaultServerSocketFactory.java:49)
	at org.apache.tomcat.util.net.JIoEndpoint.bind(JIoEndpoint.java:398)
	... 17 more

Nov 21, 2016 8:52:43 PM org.apache.coyote.AbstractProtocol init
INFO: Initializing ProtocolHandler ["ajp-bio-8009"]
Nov 21, 2016 8:52:43 PM org.apache.coyote.AbstractProtocol init
SEVERE: Failed to initialize end point associated with ProtocolHandler ["ajp-bio-8009"]
java.net.BindException: Address already in use <null>:8009
	at org.apache.tomcat.util.net.JIoEndpoint.bind(JIoEndpoint.java:411)
	at org.apache.tomcat.util.net.AbstractEndpoint.init(AbstractEndpoint.java:646)
	at org.apache.coyote.AbstractProtocol.init(AbstractProtocol.java:434)
	at org.apache.catalina.connector.Connector.initInternal(Connector.java:978)
	at org.apache.catalina.util.LifecycleBase.init(LifecycleBase.java:102)
	at org.apache.catalina.core.StandardService.initInternal(StandardService.java:559)
	at org.apache.catalina.util.LifecycleBase.init(LifecycleBase.java:102)
	at org.apache.catalina.core.StandardServer.initInternal(StandardServer.java:821)
	at org.apache.catalina.util.LifecycleBase.init(LifecycleBase.java:102)
	at org.apache.catalina.startup.Catalina.load(Catalina.java:638)
	at org.apache.catalina.startup.Catalina.load(Catalina.java:663)
	at sun.reflect.NativeMethodAccessorImpl.invoke0(Native Method)
	at sun.reflect.NativeMethodAccessorImpl.invoke(NativeMethodAccessorImpl.java:57)
	at sun.reflect.DelegatingMethodAccessorImpl.invoke(DelegatingMethodAccessorImpl.java:43)
	at java.lang.reflect.Method.invoke(Method.java:606)
	at org.apache.catalina.startup.Bootstrap.load(Bootstrap.java:280)
	at org.apache.catalina.startup.Bootstrap.main(Bootstrap.java:454)
Caused by: java.net.BindException: Address already in use
	at java.net.PlainSocketImpl.socketBind(Native Method)
	at java.net.AbstractPlainSocketImpl.bind(AbstractPlainSocketImpl.java:376)
	at java.net.ServerSocket.bind(ServerSocket.java:376)
	at java.net.ServerSocket.<init>(ServerSocket.java:237)
	at java.net.ServerSocket.<init>(ServerSocket.java:181)
	at org.apache.tomcat.util.net.DefaultServerSocketFactory.createSocket(DefaultServerSocketFactory.java:49)
	at org.apache.tomcat.util.net.JIoEndpoint.bind(JIoEndpoint.java:398)
	... 16 more

Nov 21, 2016 8:52:43 PM org.apache.catalina.core.StandardService initInternal
SEVERE: Failed to initialize connector [Connector[AJP/1.3-8009]]
org.apache.catalina.LifecycleException: Failed to initialize component [Connector[AJP/1.3-8009]]
	at org.apache.catalina.util.LifecycleBase.init(LifecycleBase.java:106)
	at org.apache.catalina.core.StandardService.initInternal(StandardService.java:559)
	at org.apache.catalina.util.LifecycleBase.init(LifecycleBase.java:102)
	at org.apache.catalina.core.StandardServer.initInternal(StandardServer.java:821)
	at org.apache.catalina.util.LifecycleBase.init(LifecycleBase.java:102)
	at org.apache.catalina.startup.Catalina.load(Catalina.java:638)
	at org.apache.catalina.startup.Catalina.load(Catalina.java:663)
	at sun.reflect.NativeMethodAccessorImpl.invoke0(Native Method)
	at sun.reflect.NativeMethodAccessorImpl.invoke(NativeMethodAccessorImpl.java:57)
	at sun.reflect.DelegatingMethodAccessorImpl.invoke(DelegatingMethodAccessorImpl.java:43)
	at java.lang.reflect.Method.invoke(Method.java:606)
	at org.apache.catalina.startup.Bootstrap.load(Bootstrap.java:280)
	at org.apache.catalina.startup.Bootstrap.main(Bootstrap.java:454)
Caused by: org.apache.catalina.LifecycleException: Protocol handler initialization failed
	at org.apache.catalina.connector.Connector.initInternal(Connector.java:980)
	at org.apache.catalina.util.LifecycleBase.init(LifecycleBase.java:102)
	... 12 more
Caused by: java.net.BindException: Address already in use <null>:8009
	at org.apache.tomcat.util.net.JIoEndpoint.bind(JIoEndpoint.java:411)
	at org.apache.tomcat.util.net.AbstractEndpoint.init(AbstractEndpoint.java:646)
	at org.apache.coyote.AbstractProtocol.init(AbstractProtocol.java:434)
	at org.apache.catalina.connector.Connector.initInternal(Connector.java:978)
	... 13 more
Caused by: java.net.BindException: Address already in use
	at java.net.PlainSocketImpl.socketBind(Native Method)
	at java.net.AbstractPlainSocketImpl.bind(AbstractPlainSocketImpl.java:376)
	at java.net.ServerSocket.bind(ServerSocket.java:376)
	at java.net.ServerSocket.<init>(ServerSocket.java:237)
	at java.net.ServerSocket.<init>(ServerSocket.java:181)
	at org.apache.tomcat.util.net.DefaultServerSocketFactory.createSocket(DefaultServerSocketFactory.java:49)
	at org.apache.tomcat.util.net.JIoEndpoint.bind(JIoEndpoint.java:398)
	... 16 more

Nov 21, 2016 8:52:43 PM org.apache.catalina.startup.Catalina load
INFO: Initialization processed in 1538 ms
Nov 21, 2016 8:52:43 PM org.apache.catalina.core.StandardService startInternal
INFO: Starting service Catalina
Nov 21, 2016 8:52:43 PM org.apache.catalina.core.StandardEngine startInternal
INFO: Starting Servlet Engine: Apache Tomcat/7.0.57
Nov 21, 2016 8:52:43 PM org.apache.catalina.startup.HostConfig deployDirectory
INFO: Deploying web application directory /home/sofapa/app/tomcat7/webapps/docs
Nov 21, 2016 8:55:59 PM org.apache.catalina.util.SessionIdGenerator createSecureRandom
INFO: Creation of SecureRandom instance for session ID generation using [SHA1PRNG] took [393,027] milliseconds.
Nov 21, 2016 8:55:59 PM org.apache.catalina.startup.HostConfig deployDirectory
INFO: Deployment of web application directory /home/sofapa/app/tomcat7/webapps/docs has finished in 394,097 ms
Nov 21, 2016 8:55:59 PM org.apache.catalina.startup.HostConfig deployDirectory
INFO: Deploying web application directory /home/sofapa/app/tomcat7/webapps/examples
Nov 21, 2016 8:56:00 PM org.apache.catalina.startup.HostConfig deployDirectory
INFO: Deployment of web application directory /home/sofapa/app/tomcat7/webapps/examples has finished in 973 ms
Nov 21, 2016 8:56:00 PM org.apache.catalina.startup.HostConfig deployDirectory
INFO: Deploying web application directory /home/sofapa/app/tomcat7/webapps/manager
Nov 21, 2016 8:56:01 PM org.apache.catalina.startup.HostConfig deployDirectory
INFO: Deployment of web application directory /home/sofapa/app/tomcat7/webapps/manager has finished in 140 ms
Nov 21, 2016 8:56:01 PM org.apache.catalina.startup.HostConfig deployDirectory
INFO: Deploying web application directory /home/sofapa/app/tomcat7/webapps/ROOT
Nov 21, 2016 8:56:01 PM org.apache.catalina.startup.HostConfig deployDirectory
INFO: Deployment of web application directory /home/sofapa/app/tomcat7/webapps/ROOT has finished in 104 ms
Nov 21, 2016 8:56:01 PM org.apache.catalina.startup.HostConfig deployDirectory
INFO: Deploying web application directory /home/sofapa/app/tomcat7/webapps/host-manager
Nov 21, 2016 8:56:01 PM org.apache.catalina.startup.HostConfig deployDirectory
INFO: Deployment of web application directory /home/sofapa/app/tomcat7/webapps/host-manager has finished in 160 ms
Nov 21, 2016 8:56:01 PM org.apache.coyote.AbstractProtocol start
INFO: Starting ProtocolHandler ["http-bio-8080"]
Nov 21, 2016 8:56:01 PM org.apache.coyote.AbstractProtocol start
INFO: Starting ProtocolHandler ["ajp-bio-8009"]
Nov 21, 2016 8:56:01 PM org.apache.catalina.startup.Catalina start
INFO: Server startup in 395658 ms
Nov 21, 2016 8:59:28 PM org.apache.catalina.util.SessionIdGenerator createSecureRandom
INFO: Creation of SecureRandom instance for session ID generation using [SHA1PRNG] took [404,021] milliseconds.
Nov 21, 2016 8:59:28 PM org.apache.catalina.startup.HostConfig deployDirectory
INFO: Deployment of web application directory /home/sofapa/app/tomcat7/webapps/docs has finished in 405,116 ms
Nov 21, 2016 8:59:28 PM org.apache.catalina.startup.HostConfig deployDirectory
INFO: Deploying web application directory /home/sofapa/app/tomcat7/webapps/examples
Nov 21, 2016 8:59:29 PM org.apache.catalina.startup.HostConfig deployDirectory
INFO: Deployment of web application directory /home/sofapa/app/tomcat7/webapps/examples has finished in 929 ms
Nov 21, 2016 8:59:29 PM org.apache.catalina.startup.HostConfig deployDirectory
INFO: Deploying web application directory /home/sofapa/app/tomcat7/webapps/manager
Nov 21, 2016 8:59:29 PM org.apache.catalina.startup.HostConfig deployDirectory
INFO: Deployment of web application directory /home/sofapa/app/tomcat7/webapps/manager has finished in 137 ms
Nov 21, 2016 8:59:29 PM org.apache.catalina.startup.HostConfig deployDirectory
INFO: Deploying web application directory /home/sofapa/app/tomcat7/webapps/ROOT
Nov 21, 2016 8:59:29 PM org.apache.catalina.startup.HostConfig deployDirectory
INFO: Deployment of web application directory /home/sofapa/app/tomcat7/webapps/ROOT has finished in 161 ms
Nov 21, 2016 8:59:29 PM org.apache.catalina.startup.HostConfig deployDirectory
INFO: Deploying web application directory /home/sofapa/app/tomcat7/webapps/host-manager
Nov 21, 2016 8:59:29 PM org.apache.catalina.startup.HostConfig deployDirectory
INFO: Deployment of web application directory /home/sofapa/app/tomcat7/webapps/host-manager has finished in 93 ms
Nov 21, 2016 8:59:29 PM org.apache.catalina.startup.Catalina start
INFO: Server startup in 406585 ms
Nov 21, 2016 8:59:29 PM org.apache.catalina.core.StandardServer await
SEVERE: StandardServer.await: create[localhost:8005]: 
java.net.BindException: Address already in use
	at java.net.PlainSocketImpl.socketBind(Native Method)
	at java.net.AbstractPlainSocketImpl.bind(AbstractPlainSocketImpl.java:376)
	at java.net.ServerSocket.bind(ServerSocket.java:376)
	at java.net.ServerSocket.<init>(ServerSocket.java:237)
	at org.apache.catalina.core.StandardServer.await(StandardServer.java:427)
	at org.apache.catalina.startup.Catalina.await(Catalina.java:777)
	at org.apache.catalina.startup.Catalina.start(Catalina.java:723)
	at sun.reflect.NativeMethodAccessorImpl.invoke0(Native Method)
	at sun.reflect.NativeMethodAccessorImpl.invoke(NativeMethodAccessorImpl.java:57)
	at sun.reflect.DelegatingMethodAccessorImpl.invoke(DelegatingMethodAccessorImpl.java:43)
	at java.lang.reflect.Method.invoke(Method.java:606)
	at org.apache.catalina.startup.Bootstrap.start(Bootstrap.java:321)
	at org.apache.catalina.startup.Bootstrap.main(Bootstrap.java:455)

Nov 21, 2016 8:59:29 PM org.apache.coyote.AbstractProtocol pause
INFO: Pausing ProtocolHandler ["http-bio-8080"]
Nov 21, 2016 8:59:29 PM org.apache.coyote.AbstractProtocol pause
INFO: Pausing ProtocolHandler ["ajp-bio-8009"]
Nov 21, 2016 8:59:29 PM org.apache.catalina.core.StandardService stopInternal
INFO: Stopping service Catalina
Nov 21, 2016 8:59:29 PM org.apache.coyote.AbstractProtocol stop
INFO: Stopping ProtocolHandler ["http-bio-8080"]
Nov 21, 2016 8:59:29 PM org.apache.coyote.AbstractProtocol destroy
INFO: Destroying ProtocolHandler ["http-bio-8080"]
Nov 21, 2016 8:59:29 PM org.apache.coyote.AbstractProtocol stop
INFO: Stopping ProtocolHandler ["ajp-bio-8009"]
Nov 21, 2016 8:59:29 PM org.apache.coyote.AbstractProtocol destroy
INFO: Destroying ProtocolHandler ["ajp-bio-8009"]
Nov 21, 2016 9:20:40 PM org.apache.catalina.startup.VersionLoggerListener log
INFO: Server version:        Apache Tomcat/7.0.57
Nov 21, 2016 9:20:40 PM org.apache.catalina.startup.VersionLoggerListener log
INFO: Server built:          Nov 3 2014 08:39:16 UTC
Nov 21, 2016 9:20:40 PM org.apache.catalina.startup.VersionLoggerListener log
INFO: Server number:         7.0.57.0
Nov 21, 2016 9:20:40 PM org.apache.catalina.startup.VersionLoggerListener log
INFO: OS Name:               Linux
Nov 21, 2016 9:20:40 PM org.apache.catalina.startup.VersionLoggerListener log
INFO: OS Version:            3.18.20-nce-amd64
Nov 21, 2016 9:20:40 PM org.apache.catalina.startup.VersionLoggerListener log
INFO: Architecture:          amd64
Nov 21, 2016 9:20:40 PM org.apache.catalina.startup.VersionLoggerListener log
INFO: JAVA_HOME:             /home/sofapa/app/jdk1.7.0_75/jre
Nov 21, 2016 9:20:40 PM org.apache.catalina.startup.VersionLoggerListener log
INFO: JVM Version:           1.7.0_75-b13
Nov 21, 2016 9:20:40 PM org.apache.catalina.startup.VersionLoggerListener log
INFO: JVM Vendor:            Oracle Corporation
Nov 21, 2016 9:20:40 PM org.apache.catalina.startup.VersionLoggerListener log
INFO: CATALINA_BASE:         /home/sofapa/app/tomcat7
Nov 21, 2016 9:20:40 PM org.apache.catalina.startup.VersionLoggerListener log
INFO: CATALINA_HOME:         /home/sofapa/app/tomcat7
Nov 21, 2016 9:20:40 PM org.apache.catalina.startup.VersionLoggerListener log
INFO: Command line argument: -Djava.util.logging.config.file=/home/sofapa/app/tomcat7/conf/logging.properties
Nov 21, 2016 9:20:40 PM org.apache.catalina.startup.VersionLoggerListener log
INFO: Command line argument: -Djava.util.logging.manager=org.apache.juli.ClassLoaderLogManager
Nov 21, 2016 9:20:40 PM org.apache.catalina.startup.VersionLoggerListener log
INFO: Command line argument: -Djava.endorsed.dirs=/home/sofapa/app/tomcat7/endorsed
Nov 21, 2016 9:20:40 PM org.apache.catalina.startup.VersionLoggerListener log
INFO: Command line argument: -Dcatalina.base=/home/sofapa/app/tomcat7
Nov 21, 2016 9:20:40 PM org.apache.catalina.startup.VersionLoggerListener log
INFO: Command line argument: -Dcatalina.home=/home/sofapa/app/tomcat7
Nov 21, 2016 9:20:40 PM org.apache.catalina.startup.VersionLoggerListener log
INFO: Command line argument: -Djava.io.tmpdir=/home/sofapa/app/tomcat7/temp
Nov 21, 2016 9:20:40 PM org.apache.catalina.core.AprLifecycleListener lifecycleEvent
INFO: The APR based Apache Tomcat Native library which allows optimal performance in production environments was not found on the java.library.path: /usr/java/packages/lib/amd64:/usr/lib64:/lib64:/lib:/usr/lib
Nov 21, 2016 9:20:40 PM org.apache.coyote.AbstractProtocol init
INFO: Initializing ProtocolHandler ["http-bio-8080"]
Nov 21, 2016 9:20:40 PM org.apache.coyote.AbstractProtocol init
SEVERE: Failed to initialize end point associated with ProtocolHandler ["http-bio-8080"]
java.net.BindException: Address already in use <null>:8080
	at org.apache.tomcat.util.net.JIoEndpoint.bind(JIoEndpoint.java:411)
	at org.apache.tomcat.util.net.AbstractEndpoint.init(AbstractEndpoint.java:646)
	at org.apache.coyote.AbstractProtocol.init(AbstractProtocol.java:434)
	at org.apache.coyote.http11.AbstractHttp11JsseProtocol.init(AbstractHttp11JsseProtocol.java:119)
	at org.apache.catalina.connector.Connector.initInternal(Connector.java:978)
	at org.apache.catalina.util.LifecycleBase.init(LifecycleBase.java:102)
	at org.apache.catalina.core.StandardService.initInternal(StandardService.java:559)
	at org.apache.catalina.util.LifecycleBase.init(LifecycleBase.java:102)
	at org.apache.catalina.core.StandardServer.initInternal(StandardServer.java:821)
	at org.apache.catalina.util.LifecycleBase.init(LifecycleBase.java:102)
	at org.apache.catalina.startup.Catalina.load(Catalina.java:638)
	at org.apache.catalina.startup.Catalina.load(Catalina.java:663)
	at sun.reflect.NativeMethodAccessorImpl.invoke0(Native Method)
	at sun.reflect.NativeMethodAccessorImpl.invoke(NativeMethodAccessorImpl.java:57)
	at sun.reflect.DelegatingMethodAccessorImpl.invoke(DelegatingMethodAccessorImpl.java:43)
	at java.lang.reflect.Method.invoke(Method.java:606)
	at org.apache.catalina.startup.Bootstrap.load(Bootstrap.java:280)
	at org.apache.catalina.startup.Bootstrap.main(Bootstrap.java:454)
Caused by: java.net.BindException: Address already in use
	at java.net.PlainSocketImpl.socketBind(Native Method)
	at java.net.AbstractPlainSocketImpl.bind(AbstractPlainSocketImpl.java:376)
	at java.net.ServerSocket.bind(ServerSocket.java:376)
	at java.net.ServerSocket.<init>(ServerSocket.java:237)
	at java.net.ServerSocket.<init>(ServerSocket.java:181)
	at org.apache.tomcat.util.net.DefaultServerSocketFactory.createSocket(DefaultServerSocketFactory.java:49)
	at org.apache.tomcat.util.net.JIoEndpoint.bind(JIoEndpoint.java:398)
	... 17 more

Nov 21, 2016 9:20:40 PM org.apache.catalina.core.StandardService initInternal
SEVERE: Failed to initialize connector [Connector[HTTP/1.1-8080]]
org.apache.catalina.LifecycleException: Failed to initialize component [Connector[HTTP/1.1-8080]]
	at org.apache.catalina.util.LifecycleBase.init(LifecycleBase.java:106)
	at org.apache.catalina.core.StandardService.initInternal(StandardService.java:559)
	at org.apache.catalina.util.LifecycleBase.init(LifecycleBase.java:102)
	at org.apache.catalina.core.StandardServer.initInternal(StandardServer.java:821)
	at org.apache.catalina.util.LifecycleBase.init(LifecycleBase.java:102)
	at org.apache.catalina.startup.Catalina.load(Catalina.java:638)
	at org.apache.catalina.startup.Catalina.load(Catalina.java:663)
	at sun.reflect.NativeMethodAccessorImpl.invoke0(Native Method)
	at sun.reflect.NativeMethodAccessorImpl.invoke(NativeMethodAccessorImpl.java:57)
	at sun.reflect.DelegatingMethodAccessorImpl.invoke(DelegatingMethodAccessorImpl.java:43)
	at java.lang.reflect.Method.invoke(Method.java:606)
	at org.apache.catalina.startup.Bootstrap.load(Bootstrap.java:280)
	at org.apache.catalina.startup.Bootstrap.main(Bootstrap.java:454)
Caused by: org.apache.catalina.LifecycleException: Protocol handler initialization failed
	at org.apache.catalina.connector.Connector.initInternal(Connector.java:980)
	at org.apache.catalina.util.LifecycleBase.init(LifecycleBase.java:102)
	... 12 more
Caused by: java.net.BindException: Address already in use <null>:8080
	at org.apache.tomcat.util.net.JIoEndpoint.bind(JIoEndpoint.java:411)
	at org.apache.tomcat.util.net.AbstractEndpoint.init(AbstractEndpoint.java:646)
	at org.apache.coyote.AbstractProtocol.init(AbstractProtocol.java:434)
	at org.apache.coyote.http11.AbstractHttp11JsseProtocol.init(AbstractHttp11JsseProtocol.java:119)
	at org.apache.catalina.connector.Connector.initInternal(Connector.java:978)
	... 13 more
Caused by: java.net.BindException: Address already in use
	at java.net.PlainSocketImpl.socketBind(Native Method)
	at java.net.AbstractPlainSocketImpl.bind(AbstractPlainSocketImpl.java:376)
	at java.net.ServerSocket.bind(ServerSocket.java:376)
	at java.net.ServerSocket.<init>(ServerSocket.java:237)
	at java.net.ServerSocket.<init>(ServerSocket.java:181)
	at org.apache.tomcat.util.net.DefaultServerSocketFactory.createSocket(DefaultServerSocketFactory.java:49)
	at org.apache.tomcat.util.net.JIoEndpoint.bind(JIoEndpoint.java:398)
	... 17 more

Nov 21, 2016 9:20:40 PM org.apache.coyote.AbstractProtocol init
INFO: Initializing ProtocolHandler ["ajp-bio-8009"]
Nov 21, 2016 9:20:40 PM org.apache.coyote.AbstractProtocol init
SEVERE: Failed to initialize end point associated with ProtocolHandler ["ajp-bio-8009"]
java.net.BindException: Address already in use <null>:8009
	at org.apache.tomcat.util.net.JIoEndpoint.bind(JIoEndpoint.java:411)
	at org.apache.tomcat.util.net.AbstractEndpoint.init(AbstractEndpoint.java:646)
	at org.apache.coyote.AbstractProtocol.init(AbstractProtocol.java:434)
	at org.apache.catalina.connector.Connector.initInternal(Connector.java:978)
	at org.apache.catalina.util.LifecycleBase.init(LifecycleBase.java:102)
	at org.apache.catalina.core.StandardService.initInternal(StandardService.java:559)
	at org.apache.catalina.util.LifecycleBase.init(LifecycleBase.java:102)
	at org.apache.catalina.core.StandardServer.initInternal(StandardServer.java:821)
	at org.apache.catalina.util.LifecycleBase.init(LifecycleBase.java:102)
	at org.apache.catalina.startup.Catalina.load(Catalina.java:638)
	at org.apache.catalina.startup.Catalina.load(Catalina.java:663)
	at sun.reflect.NativeMethodAccessorImpl.invoke0(Native Method)
	at sun.reflect.NativeMethodAccessorImpl.invoke(NativeMethodAccessorImpl.java:57)
	at sun.reflect.DelegatingMethodAccessorImpl.invoke(DelegatingMethodAccessorImpl.java:43)
	at java.lang.reflect.Method.invoke(Method.java:606)
	at org.apache.catalina.startup.Bootstrap.load(Bootstrap.java:280)
	at org.apache.catalina.startup.Bootstrap.main(Bootstrap.java:454)
Caused by: java.net.BindException: Address already in use
	at java.net.PlainSocketImpl.socketBind(Native Method)
	at java.net.AbstractPlainSocketImpl.bind(AbstractPlainSocketImpl.java:376)
	at java.net.ServerSocket.bind(ServerSocket.java:376)
	at java.net.ServerSocket.<init>(ServerSocket.java:237)
	at java.net.ServerSocket.<init>(ServerSocket.java:181)
	at org.apache.tomcat.util.net.DefaultServerSocketFactory.createSocket(DefaultServerSocketFactory.java:49)
	at org.apache.tomcat.util.net.JIoEndpoint.bind(JIoEndpoint.java:398)
	... 16 more

Nov 21, 2016 9:20:41 PM org.apache.catalina.core.StandardService initInternal
SEVERE: Failed to initialize connector [Connector[AJP/1.3-8009]]
org.apache.catalina.LifecycleException: Failed to initialize component [Connector[AJP/1.3-8009]]
	at org.apache.catalina.util.LifecycleBase.init(LifecycleBase.java:106)
	at org.apache.catalina.core.StandardService.initInternal(StandardService.java:559)
	at org.apache.catalina.util.LifecycleBase.init(LifecycleBase.java:102)
	at org.apache.catalina.core.StandardServer.initInternal(StandardServer.java:821)
	at org.apache.catalina.util.LifecycleBase.init(LifecycleBase.java:102)
	at org.apache.catalina.startup.Catalina.load(Catalina.java:638)
	at org.apache.catalina.startup.Catalina.load(Catalina.java:663)
	at sun.reflect.NativeMethodAccessorImpl.invoke0(Native Method)
	at sun.reflect.NativeMethodAccessorImpl.invoke(NativeMethodAccessorImpl.java:57)
	at sun.reflect.DelegatingMethodAccessorImpl.invoke(DelegatingMethodAccessorImpl.java:43)
	at java.lang.reflect.Method.invoke(Method.java:606)
	at org.apache.catalina.startup.Bootstrap.load(Bootstrap.java:280)
	at org.apache.catalina.startup.Bootstrap.main(Bootstrap.java:454)
Caused by: org.apache.catalina.LifecycleException: Protocol handler initialization failed
	at org.apache.catalina.connector.Connector.initInternal(Connector.java:980)
	at org.apache.catalina.util.LifecycleBase.init(LifecycleBase.java:102)
	... 12 more
Caused by: java.net.BindException: Address already in use <null>:8009
	at org.apache.tomcat.util.net.JIoEndpoint.bind(JIoEndpoint.java:411)
	at org.apache.tomcat.util.net.AbstractEndpoint.init(AbstractEndpoint.java:646)
	at org.apache.coyote.AbstractProtocol.init(AbstractProtocol.java:434)
	at org.apache.catalina.connector.Connector.initInternal(Connector.java:978)
	... 13 more
Caused by: java.net.BindException: Address already in use
	at java.net.PlainSocketImpl.socketBind(Native Method)
	at java.net.AbstractPlainSocketImpl.bind(AbstractPlainSocketImpl.java:376)
	at java.net.ServerSocket.bind(ServerSocket.java:376)
	at java.net.ServerSocket.<init>(ServerSocket.java:237)
	at java.net.ServerSocket.<init>(ServerSocket.java:181)
	at org.apache.tomcat.util.net.DefaultServerSocketFactory.createSocket(DefaultServerSocketFactory.java:49)
	at org.apache.tomcat.util.net.JIoEndpoint.bind(JIoEndpoint.java:398)
	... 16 more

Nov 21, 2016 9:20:41 PM org.apache.catalina.startup.Catalina load
INFO: Initialization processed in 1460 ms
Nov 21, 2016 9:20:41 PM org.apache.catalina.core.StandardService startInternal
INFO: Starting service Catalina
Nov 21, 2016 9:20:41 PM org.apache.catalina.core.StandardEngine startInternal
INFO: Starting Servlet Engine: Apache Tomcat/7.0.57
Nov 21, 2016 9:20:41 PM org.apache.catalina.startup.HostConfig deployDirectory
INFO: Deploying web application directory /home/sofapa/app/tomcat7/webapps/docs
Nov 21, 2016 9:31:47 PM org.apache.catalina.startup.VersionLoggerListener log
INFO: Server version:        Apache Tomcat/7.0.57
Nov 21, 2016 9:31:47 PM org.apache.catalina.startup.VersionLoggerListener log
INFO: Server built:          Nov 3 2014 08:39:16 UTC
Nov 21, 2016 9:31:47 PM org.apache.catalina.startup.VersionLoggerListener log
INFO: Server number:         7.0.57.0
Nov 21, 2016 9:31:47 PM org.apache.catalina.startup.VersionLoggerListener log
INFO: OS Name:               Linux
Nov 21, 2016 9:31:48 PM org.apache.catalina.startup.VersionLoggerListener log
INFO: OS Version:            3.18.20-nce-amd64
Nov 21, 2016 9:31:48 PM org.apache.catalina.startup.VersionLoggerListener log
INFO: Architecture:          amd64
Nov 21, 2016 9:31:48 PM org.apache.catalina.startup.VersionLoggerListener log
INFO: JAVA_HOME:             /home/sofapa/app/jdk1.7.0_75/jre
Nov 21, 2016 9:31:48 PM org.apache.catalina.startup.VersionLoggerListener log
INFO: JVM Version:           1.7.0_75-b13
Nov 21, 2016 9:31:48 PM org.apache.catalina.startup.VersionLoggerListener log
INFO: JVM Vendor:            Oracle Corporation
Nov 21, 2016 9:31:48 PM org.apache.catalina.startup.VersionLoggerListener log
INFO: CATALINA_BASE:         /home/sofapa/app/tomcat7
Nov 21, 2016 9:31:48 PM org.apache.catalina.startup.VersionLoggerListener log
INFO: CATALINA_HOME:         /home/sofapa/app/tomcat7
Nov 21, 2016 9:31:48 PM org.apache.catalina.startup.VersionLoggerListener log
INFO: Command line argument: -Djava.util.logging.config.file=/home/sofapa/app/tomcat7/conf/logging.properties
Nov 21, 2016 9:31:48 PM org.apache.catalina.startup.VersionLoggerListener log
INFO: Command line argument: -Djava.util.logging.manager=org.apache.juli.ClassLoaderLogManager
Nov 21, 2016 9:31:48 PM org.apache.catalina.startup.VersionLoggerListener log
INFO: Command line argument: -Djava.endorsed.dirs=/home/sofapa/app/tomcat7/endorsed
Nov 21, 2016 9:31:48 PM org.apache.catalina.startup.VersionLoggerListener log
INFO: Command line argument: -Dcatalina.base=/home/sofapa/app/tomcat7
Nov 21, 2016 9:31:48 PM org.apache.catalina.startup.VersionLoggerListener log
INFO: Command line argument: -Dcatalina.home=/home/sofapa/app/tomcat7
Nov 21, 2016 9:31:48 PM org.apache.catalina.startup.VersionLoggerListener log
INFO: Command line argument: -Djava.io.tmpdir=/home/sofapa/app/tomcat7/temp
Nov 21, 2016 9:31:48 PM org.apache.catalina.core.AprLifecycleListener lifecycleEvent
INFO: The APR based Apache Tomcat Native library which allows optimal performance in production environments was not found on the java.library.path: /usr/java/packages/lib/amd64:/usr/lib64:/lib64:/lib:/usr/lib
Nov 21, 2016 9:31:48 PM org.apache.coyote.AbstractProtocol init
INFO: Initializing ProtocolHandler ["http-bio-8080"]
Nov 21, 2016 9:31:48 PM org.apache.coyote.AbstractProtocol init
INFO: Initializing ProtocolHandler ["ajp-bio-8009"]
Nov 21, 2016 9:31:48 PM org.apache.catalina.startup.Catalina load
INFO: Initialization processed in 1431 ms
Nov 21, 2016 9:31:48 PM org.apache.catalina.core.StandardService startInternal
INFO: Starting service Catalina
Nov 21, 2016 9:31:48 PM org.apache.catalina.core.StandardEngine startInternal
INFO: Starting Servlet Engine: Apache Tomcat/7.0.57
Nov 21, 2016 9:31:48 PM org.apache.catalina.startup.HostConfig deployDirectory
INFO: Deploying web application directory /home/sofapa/app/tomcat7/webapps/docs
Nov 21, 2016 9:32:25 PM org.apache.catalina.util.SessionIdGenerator createSecureRandom
INFO: Creation of SecureRandom instance for session ID generation using [SHA1PRNG] took [36,504] milliseconds.
Nov 21, 2016 9:32:25 PM org.apache.catalina.startup.HostConfig deployDirectory
INFO: Deployment of web application directory /home/sofapa/app/tomcat7/webapps/docs has finished in 37,558 ms
Nov 21, 2016 9:32:25 PM org.apache.catalina.startup.HostConfig deployDirectory
INFO: Deploying web application directory /home/sofapa/app/tomcat7/webapps/examples
Nov 21, 2016 9:32:26 PM org.apache.catalina.startup.HostConfig deployDirectory
INFO: Deployment of web application directory /home/sofapa/app/tomcat7/webapps/examples has finished in 944 ms
Nov 21, 2016 9:32:26 PM org.apache.catalina.startup.HostConfig deployDirectory
INFO: Deploying web application directory /home/sofapa/app/tomcat7/webapps/manager
Nov 21, 2016 9:32:27 PM org.apache.catalina.startup.HostConfig deployDirectory
INFO: Deployment of web application directory /home/sofapa/app/tomcat7/webapps/manager has finished in 135 ms
Nov 21, 2016 9:32:27 PM org.apache.catalina.startup.HostConfig deployDirectory
INFO: Deploying web application directory /home/sofapa/app/tomcat7/webapps/ROOT
Nov 21, 2016 9:32:27 PM org.apache.catalina.startup.HostConfig deployDirectory
INFO: Deployment of web application directory /home/sofapa/app/tomcat7/webapps/ROOT has finished in 96 ms
Nov 21, 2016 9:32:27 PM org.apache.catalina.startup.HostConfig deployDirectory
INFO: Deploying web application directory /home/sofapa/app/tomcat7/webapps/host-manager
Nov 21, 2016 9:32:27 PM org.apache.catalina.startup.HostConfig deployDirectory
INFO: Deployment of web application directory /home/sofapa/app/tomcat7/webapps/host-manager has finished in 144 ms
Nov 21, 2016 9:32:27 PM org.apache.coyote.AbstractProtocol start
INFO: Starting ProtocolHandler ["http-bio-8080"]
Nov 21, 2016 9:32:27 PM org.apache.coyote.AbstractProtocol start
INFO: Starting ProtocolHandler ["ajp-bio-8009"]
Nov 21, 2016 9:32:27 PM org.apache.catalina.startup.Catalina start
INFO: Server startup in 39065 ms
Nov 21, 2016 9:35:32 PM org.apache.catalina.core.StandardServer await
INFO: A valid shutdown command was received via the shutdown port. Stopping the Server instance.
Nov 21, 2016 9:35:32 PM org.apache.coyote.AbstractProtocol pause
INFO: Pausing ProtocolHandler ["http-bio-8080"]
Nov 21, 2016 9:35:32 PM org.apache.coyote.AbstractProtocol pause
INFO: Pausing ProtocolHandler ["ajp-bio-8009"]
Nov 21, 2016 9:35:32 PM org.apache.catalina.core.StandardService stopInternal
INFO: Stopping service Catalina
Nov 21, 2016 9:35:32 PM org.apache.coyote.AbstractProtocol stop
INFO: Stopping ProtocolHandler ["http-bio-8080"]
Nov 21, 2016 9:35:32 PM org.apache.coyote.AbstractProtocol stop
INFO: Stopping ProtocolHandler ["ajp-bio-8009"]
Nov 21, 2016 9:35:32 PM org.apache.coyote.AbstractProtocol destroy
INFO: Destroying ProtocolHandler ["http-bio-8080"]
Nov 21, 2016 9:35:32 PM org.apache.coyote.AbstractProtocol destroy
INFO: Destroying ProtocolHandler ["ajp-bio-8009"]
Nov 21, 2016 9:35:38 PM org.apache.catalina.startup.VersionLoggerListener log
INFO: Server version:        Apache Tomcat/7.0.57
Nov 21, 2016 9:35:38 PM org.apache.catalina.startup.VersionLoggerListener log
INFO: Server built:          Nov 3 2014 08:39:16 UTC
Nov 21, 2016 9:35:38 PM org.apache.catalina.startup.VersionLoggerListener log
INFO: Server number:         7.0.57.0
Nov 21, 2016 9:35:38 PM org.apache.catalina.startup.VersionLoggerListener log
INFO: OS Name:               Linux
Nov 21, 2016 9:35:38 PM org.apache.catalina.startup.VersionLoggerListener log
INFO: OS Version:            3.18.20-nce-amd64
Nov 21, 2016 9:35:38 PM org.apache.catalina.startup.VersionLoggerListener log
INFO: Architecture:          amd64
Nov 21, 2016 9:35:38 PM org.apache.catalina.startup.VersionLoggerListener log
INFO: JAVA_HOME:             /home/sofapa/app/jdk1.7.0_75/jre
Nov 21, 2016 9:35:38 PM org.apache.catalina.startup.VersionLoggerListener log
INFO: JVM Version:           1.7.0_75-b13
Nov 21, 2016 9:35:38 PM org.apache.catalina.startup.VersionLoggerListener log
INFO: JVM Vendor:            Oracle Corporation
Nov 21, 2016 9:35:38 PM org.apache.catalina.startup.VersionLoggerListener log
INFO: CATALINA_BASE:         /home/sofapa/app/tomcat7
Nov 21, 2016 9:35:38 PM org.apache.catalina.startup.VersionLoggerListener log
INFO: CATALINA_HOME:         /home/sofapa/app/tomcat7
Nov 21, 2016 9:35:38 PM org.apache.catalina.startup.VersionLoggerListener log
INFO: Command line argument: -Djava.util.logging.config.file=/home/sofapa/app/tomcat7/conf/logging.properties
Nov 21, 2016 9:35:38 PM org.apache.catalina.startup.VersionLoggerListener log
INFO: Command line argument: -Djava.util.logging.manager=org.apache.juli.ClassLoaderLogManager
Nov 21, 2016 9:35:38 PM org.apache.catalina.startup.VersionLoggerListener log
INFO: Command line argument: -Djava.endorsed.dirs=/home/sofapa/app/tomcat7/endorsed
Nov 21, 2016 9:35:38 PM org.apache.catalina.startup.VersionLoggerListener log
INFO: Command line argument: -Dcatalina.base=/home/sofapa/app/tomcat7
Nov 21, 2016 9:35:38 PM org.apache.catalina.startup.VersionLoggerListener log
INFO: Command line argument: -Dcatalina.home=/home/sofapa/app/tomcat7
Nov 21, 2016 9:35:38 PM org.apache.catalina.startup.VersionLoggerListener log
INFO: Command line argument: -Djava.io.tmpdir=/home/sofapa/app/tomcat7/temp
Nov 21, 2016 9:35:38 PM org.apache.catalina.core.AprLifecycleListener lifecycleEvent
INFO: The APR based Apache Tomcat Native library which allows optimal performance in production environments was not found on the java.library.path: /usr/java/packages/lib/amd64:/usr/lib64:/lib64:/lib:/usr/lib
Nov 21, 2016 9:35:38 PM org.apache.coyote.AbstractProtocol init
INFO: Initializing ProtocolHandler ["http-bio-8080"]
Nov 21, 2016 9:35:38 PM org.apache.coyote.AbstractProtocol init
INFO: Initializing ProtocolHandler ["ajp-bio-8009"]
Nov 21, 2016 9:35:38 PM org.apache.catalina.startup.Catalina load
INFO: Initialization processed in 1422 ms
Nov 21, 2016 9:35:38 PM org.apache.catalina.core.StandardService startInternal
INFO: Starting service Catalina
Nov 21, 2016 9:35:38 PM org.apache.catalina.core.StandardEngine startInternal
INFO: Starting Servlet Engine: Apache Tomcat/7.0.57
Nov 21, 2016 9:35:38 PM org.apache.catalina.startup.HostConfig deployDirectory
INFO: Deploying web application directory /home/sofapa/app/tomcat7/webapps/docs
Nov 21, 2016 9:42:22 PM org.apache.catalina.util.SessionIdGenerator createSecureRandom
INFO: Creation of SecureRandom instance for session ID generation using [SHA1PRNG] took [403,181] milliseconds.
Nov 21, 2016 9:42:22 PM org.apache.catalina.startup.HostConfig deployDirectory
INFO: Deployment of web application directory /home/sofapa/app/tomcat7/webapps/docs has finished in 404,230 ms
Nov 21, 2016 9:42:22 PM org.apache.catalina.startup.HostConfig deployDirectory
INFO: Deploying web application directory /home/sofapa/app/tomcat7/webapps/examples
Nov 21, 2016 9:42:23 PM org.apache.catalina.startup.HostConfig deployDirectory
INFO: Deployment of web application directory /home/sofapa/app/tomcat7/webapps/examples has finished in 961 ms
Nov 21, 2016 9:42:23 PM org.apache.catalina.startup.HostConfig deployDirectory
INFO: Deploying web application directory /home/sofapa/app/tomcat7/webapps/manager
Nov 21, 2016 9:42:24 PM org.apache.catalina.startup.HostConfig deployDirectory
INFO: Deployment of web application directory /home/sofapa/app/tomcat7/webapps/manager has finished in 149 ms
Nov 21, 2016 9:42:24 PM org.apache.catalina.startup.HostConfig deployDirectory
INFO: Deploying web application directory /home/sofapa/app/tomcat7/webapps/ROOT
Nov 21, 2016 9:42:24 PM org.apache.catalina.startup.HostConfig deployDirectory
INFO: Deployment of web application directory /home/sofapa/app/tomcat7/webapps/ROOT has finished in 127 ms
Nov 21, 2016 9:42:24 PM org.apache.catalina.startup.HostConfig deployDirectory
INFO: Deploying web application directory /home/sofapa/app/tomcat7/webapps/host-manager
Nov 21, 2016 9:42:24 PM org.apache.catalina.startup.HostConfig deployDirectory
INFO: Deployment of web application directory /home/sofapa/app/tomcat7/webapps/host-manager has finished in 112 ms
Nov 21, 2016 9:42:24 PM org.apache.coyote.AbstractProtocol start
INFO: Starting ProtocolHandler ["http-bio-8080"]
Nov 21, 2016 9:42:24 PM org.apache.coyote.AbstractProtocol start
INFO: Starting ProtocolHandler ["ajp-bio-8009"]
Nov 21, 2016 9:42:24 PM org.apache.catalina.startup.Catalina start
INFO: Server startup in 405761 ms
Nov 21, 2016 9:48:54 PM org.apache.catalina.startup.HostConfig deployDirectory
INFO: Deploying web application directory /home/sofapa/app/tomcat7/webapps/int
Nov 21, 2016 9:48:54 PM org.apache.catalina.startup.HostConfig deployDirectory
INFO: Deployment of web application directory /home/sofapa/app/tomcat7/webapps/int has finished in 92 ms
Nov 21, 2016 9:55:17 PM org.apache.catalina.core.StandardServer await
INFO: A valid shutdown command was received via the shutdown port. Stopping the Server instance.
Nov 21, 2016 9:55:17 PM org.apache.coyote.AbstractProtocol pause
INFO: Pausing ProtocolHandler ["http-bio-8080"]
Nov 21, 2016 9:55:17 PM org.apache.coyote.AbstractProtocol pause
INFO: Pausing ProtocolHandler ["ajp-bio-8009"]
Nov 21, 2016 9:55:17 PM org.apache.catalina.core.StandardService stopInternal
INFO: Stopping service Catalina
Nov 21, 2016 9:55:17 PM org.apache.coyote.AbstractProtocol stop
INFO: Stopping ProtocolHandler ["http-bio-8080"]
Nov 21, 2016 9:55:17 PM org.apache.coyote.AbstractProtocol stop
INFO: Stopping ProtocolHandler ["ajp-bio-8009"]
Nov 21, 2016 9:55:17 PM org.apache.coyote.AbstractProtocol destroy
INFO: Destroying ProtocolHandler ["http-bio-8080"]
Nov 21, 2016 9:55:17 PM org.apache.coyote.AbstractProtocol destroy
INFO: Destroying ProtocolHandler ["ajp-bio-8009"]
Nov 21, 2016 9:55:22 PM org.apache.catalina.startup.VersionLoggerListener log
INFO: Server version:        Apache Tomcat/7.0.57
Nov 21, 2016 9:55:22 PM org.apache.catalina.startup.VersionLoggerListener log
INFO: Server built:          Nov 3 2014 08:39:16 UTC
Nov 21, 2016 9:55:22 PM org.apache.catalina.startup.VersionLoggerListener log
INFO: Server number:         7.0.57.0
Nov 21, 2016 9:55:22 PM org.apache.catalina.startup.VersionLoggerListener log
INFO: OS Name:               Linux
Nov 21, 2016 9:55:22 PM org.apache.catalina.startup.VersionLoggerListener log
INFO: OS Version:            3.18.20-nce-amd64
Nov 21, 2016 9:55:22 PM org.apache.catalina.startup.VersionLoggerListener log
INFO: Architecture:          amd64
Nov 21, 2016 9:55:22 PM org.apache.catalina.startup.VersionLoggerListener log
INFO: JAVA_HOME:             /home/sofapa/app/jdk1.7.0_75/jre
Nov 21, 2016 9:55:22 PM org.apache.catalina.startup.VersionLoggerListener log
INFO: JVM Version:           1.7.0_75-b13
Nov 21, 2016 9:55:22 PM org.apache.catalina.startup.VersionLoggerListener log
INFO: JVM Vendor:            Oracle Corporation
Nov 21, 2016 9:55:22 PM org.apache.catalina.startup.VersionLoggerListener log
INFO: CATALINA_BASE:         /home/sofapa/app/tomcat7
Nov 21, 2016 9:55:22 PM org.apache.catalina.startup.VersionLoggerListener log
INFO: CATALINA_HOME:         /home/sofapa/app/tomcat7
Nov 21, 2016 9:55:22 PM org.apache.catalina.startup.VersionLoggerListener log
INFO: Command line argument: -Djava.util.logging.config.file=/home/sofapa/app/tomcat7/conf/logging.properties
Nov 21, 2016 9:55:22 PM org.apache.catalina.startup.VersionLoggerListener log
INFO: Command line argument: -Djava.util.logging.manager=org.apache.juli.ClassLoaderLogManager
Nov 21, 2016 9:55:22 PM org.apache.catalina.startup.VersionLoggerListener log
INFO: Command line argument: -Djava.endorsed.dirs=/home/sofapa/app/tomcat7/endorsed
Nov 21, 2016 9:55:22 PM org.apache.catalina.startup.VersionLoggerListener log
INFO: Command line argument: -Dcatalina.base=/home/sofapa/app/tomcat7
Nov 21, 2016 9:55:22 PM org.apache.catalina.startup.VersionLoggerListener log
INFO: Command line argument: -Dcatalina.home=/home/sofapa/app/tomcat7
Nov 21, 2016 9:55:22 PM org.apache.catalina.startup.VersionLoggerListener log
INFO: Command line argument: -Djava.io.tmpdir=/home/sofapa/app/tomcat7/temp
Nov 21, 2016 9:55:22 PM org.apache.catalina.core.AprLifecycleListener lifecycleEvent
INFO: The APR based Apache Tomcat Native library which allows optimal performance in production environments was not found on the java.library.path: /usr/java/packages/lib/amd64:/usr/lib64:/lib64:/lib:/usr/lib
Nov 21, 2016 9:55:22 PM org.apache.coyote.AbstractProtocol init
INFO: Initializing ProtocolHandler ["http-bio-8080"]
Nov 21, 2016 9:55:22 PM org.apache.coyote.AbstractProtocol init
INFO: Initializing ProtocolHandler ["ajp-bio-8009"]
Nov 21, 2016 9:55:22 PM org.apache.catalina.startup.Catalina load
INFO: Initialization processed in 1439 ms
Nov 21, 2016 9:55:22 PM org.apache.catalina.core.StandardService startInternal
INFO: Starting service Catalina
Nov 21, 2016 9:55:22 PM org.apache.catalina.core.StandardEngine startInternal
INFO: Starting Servlet Engine: Apache Tomcat/7.0.57
Nov 21, 2016 9:55:22 PM org.apache.catalina.startup.HostConfig deployDirectory
INFO: Deploying web application directory /home/sofapa/app/tomcat7/webapps/int
Nov 21, 2016 9:58:33 PM org.apache.catalina.util.SessionIdGenerator createSecureRandom
INFO: Creation of SecureRandom instance for session ID generation using [SHA1PRNG] took [189,137] milliseconds.
Nov 21, 2016 9:58:33 PM org.apache.catalina.startup.HostConfig deployDirectory
INFO: Deployment of web application directory /home/sofapa/app/tomcat7/webapps/int has finished in 190,303 ms
Nov 21, 2016 9:58:33 PM org.apache.catalina.startup.HostConfig deployDirectory
INFO: Deploying web application directory /home/sofapa/app/tomcat7/webapps/docs
Nov 21, 2016 9:58:33 PM org.apache.catalina.startup.HostConfig deployDirectory
INFO: Deployment of web application directory /home/sofapa/app/tomcat7/webapps/docs has finished in 162 ms
Nov 21, 2016 9:58:33 PM org.apache.catalina.startup.HostConfig deployDirectory
INFO: Deploying web application directory /home/sofapa/app/tomcat7/webapps/examples
Nov 21, 2016 9:58:34 PM org.apache.catalina.startup.HostConfig deployDirectory
INFO: Deployment of web application directory /home/sofapa/app/tomcat7/webapps/examples has finished in 841 ms
Nov 21, 2016 9:58:34 PM org.apache.catalina.startup.HostConfig deployDirectory
INFO: Deploying web application directory /home/sofapa/app/tomcat7/webapps/manager
Nov 21, 2016 9:58:34 PM org.apache.catalina.startup.HostConfig deployDirectory
INFO: Deployment of web application directory /home/sofapa/app/tomcat7/webapps/manager has finished in 233 ms
Nov 21, 2016 9:58:34 PM org.apache.catalina.startup.HostConfig deployDirectory
INFO: Deploying web application directory /home/sofapa/app/tomcat7/webapps/ROOT
Nov 21, 2016 9:58:34 PM org.apache.catalina.startup.HostConfig deployDirectory
INFO: Deployment of web application directory /home/sofapa/app/tomcat7/webapps/ROOT has finished in 124 ms
Nov 21, 2016 9:58:34 PM org.apache.catalina.startup.HostConfig deployDirectory
INFO: Deploying web application directory /home/sofapa/app/tomcat7/webapps/host-manager
Nov 21, 2016 9:58:34 PM org.apache.catalina.startup.HostConfig deployDirectory
INFO: Deployment of web application directory /home/sofapa/app/tomcat7/webapps/host-manager has finished in 155 ms
Nov 21, 2016 9:58:34 PM org.apache.coyote.AbstractProtocol start
INFO: Starting ProtocolHandler ["http-bio-8080"]
Nov 21, 2016 9:58:34 PM org.apache.coyote.AbstractProtocol start
INFO: Starting ProtocolHandler ["ajp-bio-8009"]
Nov 21, 2016 9:58:34 PM org.apache.catalina.startup.Catalina start
INFO: Server startup in 191998 ms
