Nov 21, 2016 8:47:29 PM org.apache.catalina.core.ApplicationContext log
INFO: ContextListener: contextInitialized()
Nov 21, 2016 8:47:29 PM org.apache.catalina.core.ApplicationContext log
INFO: SessionListener: contextInitialized()
Nov 21, 2016 8:47:29 PM org.apache.catalina.core.ApplicationContext log
INFO: ContextListener: attributeAdded('org.apache.jasper.compiler.TldLocationsCache', 'org.apache.jasper.compiler.TldLocationsCache@2f6868dd')
Nov 21, 2016 8:49:12 PM org.apache.catalina.core.ApplicationContext log
INFO: SessionListener: contextDestroyed()
Nov 21, 2016 8:49:12 PM org.apache.catalina.core.ApplicationContext log
INFO: ContextListener: contextDestroyed()
Nov 21, 2016 8:56:00 PM org.apache.catalina.core.ApplicationContext log
INFO: ContextListener: contextInitialized()
Nov 21, 2016 8:56:00 PM org.apache.catalina.core.ApplicationContext log
INFO: SessionListener: contextInitialized()
Nov 21, 2016 8:56:00 PM org.apache.catalina.core.ApplicationContext log
INFO: ContextListener: attributeAdded('org.apache.jasper.compiler.TldLocationsCache', 'org.apache.jasper.compiler.TldLocationsCache@2f6868dd')
Nov 21, 2016 8:59:29 PM org.apache.catalina.core.ApplicationContext log
INFO: ContextListener: contextInitialized()
Nov 21, 2016 8:59:29 PM org.apache.catalina.core.ApplicationContext log
INFO: SessionListener: contextInitialized()
Nov 21, 2016 8:59:29 PM org.apache.catalina.core.ApplicationContext log
INFO: ContextListener: attributeAdded('org.apache.jasper.compiler.TldLocationsCache', 'org.apache.jasper.compiler.TldLocationsCache@6b61be00')
Nov 21, 2016 8:59:29 PM org.apache.catalina.core.ApplicationContext log
INFO: SessionListener: contextDestroyed()
Nov 21, 2016 8:59:29 PM org.apache.catalina.core.ApplicationContext log
INFO: ContextListener: contextDestroyed()
Nov 21, 2016 9:32:26 PM org.apache.catalina.core.ApplicationContext log
INFO: ContextListener: contextInitialized()
Nov 21, 2016 9:32:26 PM org.apache.catalina.core.ApplicationContext log
INFO: SessionListener: contextInitialized()
Nov 21, 2016 9:32:26 PM org.apache.catalina.core.ApplicationContext log
INFO: ContextListener: attributeAdded('org.apache.jasper.compiler.TldLocationsCache', 'org.apache.jasper.compiler.TldLocationsCache@2f6868dd')
Nov 21, 2016 9:35:32 PM org.apache.catalina.core.ApplicationContext log
INFO: SessionListener: contextDestroyed()
Nov 21, 2016 9:35:32 PM org.apache.catalina.core.ApplicationContext log
INFO: ContextListener: contextDestroyed()
Nov 21, 2016 9:42:23 PM org.apache.catalina.core.ApplicationContext log
INFO: ContextListener: contextInitialized()
Nov 21, 2016 9:42:23 PM org.apache.catalina.core.ApplicationContext log
INFO: SessionListener: contextInitialized()
Nov 21, 2016 9:42:23 PM org.apache.catalina.core.ApplicationContext log
INFO: ContextListener: attributeAdded('org.apache.jasper.compiler.TldLocationsCache', 'org.apache.jasper.compiler.TldLocationsCache@2f6868dd')
Nov 21, 2016 9:55:17 PM org.apache.catalina.core.ApplicationContext log
INFO: SessionListener: contextDestroyed()
Nov 21, 2016 9:55:17 PM org.apache.catalina.core.ApplicationContext log
INFO: ContextListener: contextDestroyed()
Nov 21, 2016 9:58:34 PM org.apache.catalina.core.ApplicationContext log
INFO: ContextListener: contextInitialized()
Nov 21, 2016 9:58:34 PM org.apache.catalina.core.ApplicationContext log
INFO: SessionListener: contextInitialized()
Nov 21, 2016 9:58:34 PM org.apache.catalina.core.ApplicationContext log
INFO: ContextListener: attributeAdded('org.apache.jasper.compiler.TldLocationsCache', 'org.apache.jasper.compiler.TldLocationsCache@7fe0dbb6')
